#
# There is insufficient memory for the Java Runtime Environment to continue.
# Native memory allocation (mmap) failed to map 507510784 bytes for committing reserved memory.
# Possible reasons:
#   The system is out of physical RAM or swap space
#   The process is running with CompressedOops enabled, and the Java Heap may be blocking the growth of the native heap
# Possible solutions:
#   Reduce memory load on the system
#   Increase physical memory or swap space
#   Check if swap backing store is full
#   Decrease Java heap size (-Xmx/-Xms)
#   Decrease number of Java threads
#   Decrease Java thread stack sizes (-Xss)
#   Set larger code cache with -XX:ReservedCodeCacheSize=
#   JVM is running with Unscaled Compressed Oops mode in which the Java heap is
#     placed in the first 4GB address space. The Java Heap base address is the
#     maximum limit for the native heap growth. Please use -XX:HeapBaseMinAddress
#     to set the Java Heap base and to place the Java Heap above 4GB virtual address.
# This output file may be truncated or incomplete.
#
#  Out of Memory Error (os_linux.cpp:2893), pid=32288, tid=32309
#
# JRE version: OpenJDK Runtime Environment (11.0.4+11) (build 11.0.4+11-post-Ubuntu-1ubuntu218.04.3)
# Java VM: OpenJDK 64-Bit Server VM (11.0.4+11-post-Ubuntu-1ubuntu218.04.3, mixed mode, sharing, tiered, compressed oops, g1 gc, linux-amd64)
# Core dump will be written. Default location: Core dumps may be processed with "/usr/share/apport/apport %p %s %c %d %P" (or dumping to /home/ela/IdeaProjects/Blockchain/core.32288)
#

---------------  S U M M A R Y ------------

Command Line: -Dant.home=/usr/share/ant -Dant.library.dir=/usr/share/ant/lib org.apache.tools.ant.launch.Launcher -cp /home/ela/IdeaProjects/TPEA_Projet: run

Host: Intel(R) Core(TM) i7-6500U CPU @ 2.50GHz, 4 cores, 7G, Ubuntu 18.04.3 LTS
Time: Sat Oct 26 16:55:45 2019 CEST elapsed time: 17 seconds (0d 0h 0m 17s)

---------------  T H R E A D  ---------------

Current thread (0x00007fb3e4105800):  VMThread "VM Thread" [stack: 0x00007fb3e877b000,0x00007fb3e887b000] [id=32309]

Stack: [0x00007fb3e877b000,0x00007fb3e887b000],  sp=0x00007fb3e8878ff0,  free space=1015k
Native frames: (J=compiled Java code, A=aot compiled Java code, j=interpreted, Vv=VM code, C=native code)
V  [libjvm.so+0xde4547]
V  [libjvm.so+0xde519b]
V  [libjvm.so+0x6511a5]
V  [libjvm.so+0xbbed38]
V  [libjvm.so+0xbb5ebd]
V  [libjvm.so+0x76f53f]
V  [libjvm.so+0x76f7ae]
V  [libjvm.so+0x77b820]
V  [libjvm.so+0x7f6969]
V  [libjvm.so+0x7f75c2]
V  [libjvm.so+0x7f7a29]
V  [libjvm.so+0x72de6f]
V  [libjvm.so+0x732b6a]
V  [libjvm.so+0xdf01e1]
V  [libjvm.so+0xdeeda8]
V  [libjvm.so+0xdec5e6]
V  [libjvm.so+0xdecaf0]
V  [libjvm.so+0xdecf23]
V  [libjvm.so+0xd7aeea]
V  [libjvm.so+0xbc4a5e]

VM_Operation (0x00007fb3bcd25070): G1CollectForAllocation, mode: safepoint, requested by thread 0x00007fb3e4442000


---------------  P R O C E S S  ---------------

Threads class SMR info:
_java_thread_list=0x00007fb3e4445850, length=19, elements={
0x00007fb3e4012000, 0x00007fb3e4108800, 0x00007fb3e410a800, 0x00007fb3e4110000,
0x00007fb3e4112000, 0x00007fb3e4114000, 0x00007fb3e4116000, 0x00007fb3e4145000,
0x00007fb3e414e000, 0x00007fb3e4432800, 0x00007fb3e4433800, 0x00007fb3e4435000,
0x00007fb3e4438800, 0x00007fb3e443a800, 0x00007fb3e443c800, 0x00007fb3e443e000,
0x00007fb3e443f800, 0x00007fb3e4442000, 0x00007fb3e4444000
}

Java Threads: ( => current thread )
  0x00007fb3e4012000 JavaThread "main" [_thread_blocked, id=32303, stack(0x00007fb3ee8f7000,0x00007fb3ee9f8000)]
  0x00007fb3e4108800 JavaThread "Reference Handler" daemon [_thread_blocked, id=32310, stack(0x00007fb3e8678000,0x00007fb3e8779000)]
  0x00007fb3e410a800 JavaThread "Finalizer" daemon [_thread_blocked, id=32311, stack(0x00007fb3e8577000,0x00007fb3e8678000)]
  0x00007fb3e4110000 JavaThread "Signal Dispatcher" daemon [_thread_blocked, id=32312, stack(0x00007fb3e8476000,0x00007fb3e8577000)]
  0x00007fb3e4112000 JavaThread "C2 CompilerThread0" daemon [_thread_in_native, id=32313, stack(0x00007fb3e8375000,0x00007fb3e8476000)]
  0x00007fb3e4114000 JavaThread "C1 CompilerThread0" daemon [_thread_blocked, id=32314, stack(0x00007fb3e8274000,0x00007fb3e8375000)]
  0x00007fb3e4116000 JavaThread "Sweeper thread" daemon [_thread_blocked, id=32315, stack(0x00007fb3e8173000,0x00007fb3e8274000)]
  0x00007fb3e4145000 JavaThread "Service Thread" daemon [_thread_blocked, id=32316, stack(0x00007fb3e8072000,0x00007fb3e8173000)]
  0x00007fb3e414e000 JavaThread "Common-Cleaner" daemon [_thread_blocked, id=32318, stack(0x00007fb3cc753000,0x00007fb3cc854000)]
  0x00007fb3e4432800 JavaThread "Thread-0" [_thread_blocked, id=32325, stack(0x00007fb3bd530000,0x00007fb3bd631000)]
  0x00007fb3e4433800 JavaThread "Thread-1" [_thread_blocked, id=32326, stack(0x00007fb3bd42f000,0x00007fb3bd530000)]
  0x00007fb3e4435000 JavaThread "Thread-2" [_thread_blocked, id=32327, stack(0x00007fb3bd32e000,0x00007fb3bd42f000)]
  0x00007fb3e4438800 JavaThread "Thread-3" [_thread_blocked, id=32328, stack(0x00007fb3bd22d000,0x00007fb3bd32e000)]
  0x00007fb3e443a800 JavaThread "Thread-4" [_thread_blocked, id=32329, stack(0x00007fb3bd12c000,0x00007fb3bd22d000)]
  0x00007fb3e443c800 JavaThread "Thread-5" [_thread_blocked, id=32330, stack(0x00007fb3bd02b000,0x00007fb3bd12c000)]
  0x00007fb3e443e000 JavaThread "Thread-6" [_thread_blocked, id=32331, stack(0x00007fb3bcf2a000,0x00007fb3bd02b000)]
  0x00007fb3e443f800 JavaThread "Thread-7" [_thread_blocked, id=32332, stack(0x00007fb3bce29000,0x00007fb3bcf2a000)]
  0x00007fb3e4442000 JavaThread "Thread-8" [_thread_blocked, id=32334, stack(0x00007fb3bcc26000,0x00007fb3bcd27000)]
  0x00007fb3e4444000 JavaThread "Thread-9" [_thread_blocked, id=32335, stack(0x00007fb3bcb25000,0x00007fb3bcc26000)]

Other Threads:
=>0x00007fb3e4105800 VMThread "VM Thread" [stack: 0x00007fb3e877b000,0x00007fb3e887b000] [id=32309]
  0x00007fb3e4148000 WatcherThread [stack: 0x00007fb3cc856000,0x00007fb3cc956000] [id=32317]
  0x00007fb3e4028800 GCTaskThread "GC Thread#0" [stack: 0x00007fb3ea8eb000,0x00007fb3ea9eb000] [id=32304]
  0x00007fb3b0001000 GCTaskThread "GC Thread#1" [stack: 0x00007fb3cc22b000,0x00007fb3cc32b000] [id=32320]
  0x00007fb3b0002800 GCTaskThread "GC Thread#2" [stack: 0x00007fb3cc129000,0x00007fb3cc229000] [id=32321]
  0x00007fb3b0005800 GCTaskThread "GC Thread#3" [stack: 0x00007fb3bcd29000,0x00007fb3bce29000] [id=32333]
  0x00007fb3e4059800 ConcurrentGCThread "G1 Main Marker" [stack: 0x00007fb3e9863000,0x00007fb3e9963000] [id=32305]
  0x00007fb3e405b000 ConcurrentGCThread "G1 Conc#0" [stack: 0x00007fb3e9761000,0x00007fb3e9861000] [id=32306]
  0x00007fb3e40d3800 ConcurrentGCThread "G1 Refine#0" [stack: 0x00007fb3e925b000,0x00007fb3e935b000] [id=32307]
  0x00007fb3b4003000 ConcurrentGCThread "G1 Refine#1" [stack: 0x00007fb3cc027000,0x00007fb3cc127000] [id=32322]
  0x00007fb380001800 ConcurrentGCThread "G1 Refine#2" [stack: 0x00007fb3c41a0000,0x00007fb3c42a0000] [id=32323]
  0x00007fb374001800 ConcurrentGCThread "G1 Refine#3" [stack: 0x00007fb3c409e000,0x00007fb3c419e000] [id=32324]
  0x00007fb3e40d5000 ConcurrentGCThread "G1 Young RemSet Sampling" [stack: 0x00007fb3e9159000,0x00007fb3e9259000] [id=32308]

Threads with active compile tasks:
C2 CompilerThread01751 % !   4       Pair2Pair.Politicien::createMot @ 107 (294 bytes)
C1 CompilerThread01841       2       org.apache.tools.ant.DemuxOutputStream::write (126 bytes)

VM state:at safepoint (normal execution)

VM Mutex/Monitor currently owned by a thread:  ([mutex/lock_event])
[0x00007fb3e400e640] Threads_lock - owner thread: 0x00007fb3e4105800
[0x00007fb3e400ed90] Heap_lock - owner thread: 0x00007fb3e4442000

Heap address: 0x0000000085400000, size: 1964 MB, Compressed Oops mode: 32-bit
Narrow klass base: 0x0000000800000000, Narrow klass shift: 3
Compressed class space size: 1073741824 Address: 0x0000000840000000

Heap:
 garbage-first heap   total 743424K, used 59388K [0x0000000085400000, 0x0000000100000000)
  region size 1024K, 1 young (1024K), 1 survivors (1024K)
 Metaspace       used 7034K, capacity 7844K, committed 7936K, reserved 1056768K
  class space    used 769K, capacity 1001K, committed 1024K, reserved 1048576K
Heap Regions: E=young(eden), S=young(survivor), O=old, HS=humongous(starts), HC=humongous(continues), CS=collection set, F=free, A=archive, TAMS=top-at-mark-start (previous, next)
|   0|0x0000000085400000, 0x0000000085500000, 0x0000000085500000|100%| O|  |TAMS 0x0000000085400000, 0x0000000085400000| Untracked 
|   1|0x0000000085500000, 0x0000000085600000, 0x0000000085600000|100%| O|  |TAMS 0x0000000085500000, 0x0000000085500000| Untracked 
|   2|0x0000000085600000, 0x0000000085700000, 0x0000000085700000|100%| O|  |TAMS 0x0000000085600000, 0x0000000085600000| Untracked 
|   3|0x0000000085700000, 0x0000000085800000, 0x0000000085800000|100%|HS|  |TAMS 0x0000000085700000, 0x0000000085700000| Complete 
|   4|0x0000000085800000, 0x0000000085900000, 0x0000000085900000|100%|HS|  |TAMS 0x0000000085800000, 0x0000000085800000| Complete 
|   5|0x0000000085900000, 0x0000000085a00000, 0x0000000085a00000|100%|HS|  |TAMS 0x0000000085900000, 0x0000000085900000| Complete 
|   6|0x0000000085a00000, 0x0000000085b00000, 0x0000000085b00000|100%|HC|  |TAMS 0x0000000085a00000, 0x0000000085a00000| Complete 
|   7|0x0000000085b00000, 0x0000000085c00000, 0x0000000085c00000|100%| O|  |TAMS 0x0000000085b00000, 0x0000000085b00000| Untracked 
|   8|0x0000000085c00000, 0x0000000085d00000, 0x0000000085d00000|100%| O|  |TAMS 0x0000000085c00000, 0x0000000085c00000| Untracked 
|   9|0x0000000085d00000, 0x0000000085e00000, 0x0000000085e00000|100%| O|  |TAMS 0x0000000085d00000, 0x0000000085d00000| Untracked 
|  10|0x0000000085e00000, 0x0000000085f00000, 0x0000000085f00000|100%| O|  |TAMS 0x0000000085e00000, 0x0000000085e00000| Untracked 
|  11|0x0000000085f00000, 0x0000000086000000, 0x0000000086000000|100%| O|  |TAMS 0x0000000085f00000, 0x0000000085f00000| Untracked 
|  12|0x0000000086000000, 0x0000000086100000, 0x0000000086100000|100%| O|  |TAMS 0x0000000086000000, 0x0000000086000000| Untracked 
|  13|0x0000000086100000, 0x0000000086200000, 0x0000000086200000|100%| O|  |TAMS 0x0000000086100000, 0x0000000086100000| Untracked 
|  14|0x0000000086200000, 0x0000000086300000, 0x0000000086300000|100%| O|  |TAMS 0x0000000086200000, 0x0000000086200000| Untracked 
|  15|0x0000000086300000, 0x0000000086400000, 0x0000000086400000|100%| O|  |TAMS 0x0000000086300000, 0x0000000086300000| Untracked 
|  16|0x0000000086400000, 0x0000000086500000, 0x0000000086500000|100%| O|  |TAMS 0x0000000086400000, 0x0000000086400000| Untracked 
|  17|0x0000000086500000, 0x0000000086600000, 0x0000000086600000|100%| O|  |TAMS 0x0000000086500000, 0x0000000086500000| Untracked 
|  18|0x0000000086600000, 0x0000000086700000, 0x0000000086700000|100%| O|  |TAMS 0x0000000086600000, 0x0000000086600000| Untracked 
|  19|0x0000000086700000, 0x0000000086800000, 0x0000000086800000|100%| O|  |TAMS 0x0000000086700000, 0x0000000086700000| Untracked 
|  20|0x0000000086800000, 0x0000000086900000, 0x0000000086900000|100%| O|  |TAMS 0x0000000086800000, 0x0000000086800000| Untracked 
|  21|0x0000000086900000, 0x0000000086a00000, 0x0000000086a00000|100%| O|  |TAMS 0x0000000086900000, 0x0000000086900000| Untracked 
|  22|0x0000000086a00000, 0x0000000086b00000, 0x0000000086b00000|100%| O|  |TAMS 0x0000000086a00000, 0x0000000086a00000| Untracked 
|  23|0x0000000086b00000, 0x0000000086c00000, 0x0000000086c00000|100%| O|  |TAMS 0x0000000086b00000, 0x0000000086b00000| Untracked 
|  24|0x0000000086c00000, 0x0000000086d00000, 0x0000000086d00000|100%| O|  |TAMS 0x0000000086c00000, 0x0000000086c00000| Untracked 
|  25|0x0000000086d00000, 0x0000000086e00000, 0x0000000086e00000|100%| O|  |TAMS 0x0000000086d00000, 0x0000000086d00000| Untracked 
|  26|0x0000000086e00000, 0x0000000086f00000, 0x0000000086f00000|100%|HS|  |TAMS 0x0000000086e00000, 0x0000000086e00000| Complete 
|  27|0x0000000086f00000, 0x0000000087000000, 0x0000000087000000|100%|HC|  |TAMS 0x0000000086f00000, 0x0000000086f00000| Complete 
|  28|0x0000000087000000, 0x0000000087100000, 0x0000000087100000|100%|HC|  |TAMS 0x0000000087000000, 0x0000000087000000| Complete 
|  29|0x0000000087100000, 0x0000000087200000, 0x0000000087200000|100%|HS|  |TAMS 0x0000000087100000, 0x0000000087100000| Complete 
|  30|0x0000000087200000, 0x0000000087300000, 0x0000000087300000|100%|HC|  |TAMS 0x0000000087200000, 0x0000000087200000| Complete 
|  31|0x0000000087300000, 0x0000000087400000, 0x0000000087400000|100%|HS|  |TAMS 0x0000000087300000, 0x0000000087300000| Complete 
|  32|0x0000000087400000, 0x0000000087500000, 0x0000000087500000|100%|HC|  |TAMS 0x0000000087400000, 0x0000000087400000| Complete 
|  33|0x0000000087500000, 0x0000000087600000, 0x0000000087600000|100%|HS|  |TAMS 0x0000000087500000, 0x0000000087500000| Complete 
|  34|0x0000000087600000, 0x0000000087700000, 0x0000000087700000|100%|HC|  |TAMS 0x0000000087600000, 0x0000000087600000| Complete 
|  35|0x0000000087700000, 0x0000000087800000, 0x0000000087800000|100%|HS|  |TAMS 0x0000000087700000, 0x0000000087700000| Complete 
|  36|0x0000000087800000, 0x0000000087900000, 0x0000000087900000|100%|HC|  |TAMS 0x0000000087800000, 0x0000000087800000| Complete 
|  37|0x0000000087900000, 0x0000000087a00000, 0x0000000087a00000|100%|HS|  |TAMS 0x0000000087900000, 0x0000000087900000| Complete 
|  38|0x0000000087a00000, 0x0000000087b00000, 0x0000000087b00000|100%|HC|  |TAMS 0x0000000087a00000, 0x0000000087a00000| Complete 
|  39|0x0000000087b00000, 0x0000000087c00000, 0x0000000087c00000|100%| O|  |TAMS 0x0000000087b00000, 0x0000000087b00000| Untracked 
|  40|0x0000000087c00000, 0x0000000087d00000, 0x0000000087d00000|100%| O|  |TAMS 0x0000000087c00000, 0x0000000087c00000| Untracked 
|  41|0x0000000087d00000, 0x0000000087e00000, 0x0000000087e00000|100%| O|  |TAMS 0x0000000087d00000, 0x0000000087d00000| Untracked 
|  42|0x0000000087e00000, 0x0000000087f00000, 0x0000000087f00000|100%| O|  |TAMS 0x0000000087e00000, 0x0000000087e00000| Untracked 
|  43|0x0000000087f00000, 0x0000000088000000, 0x0000000088000000|100%| O|  |TAMS 0x0000000087f00000, 0x0000000087f00000| Untracked 
|  44|0x0000000088000000, 0x0000000088100000, 0x0000000088100000|100%| O|  |TAMS 0x0000000088000000, 0x0000000088000000| Untracked 
|  45|0x0000000088100000, 0x0000000088200000, 0x0000000088200000|100%| O|  |TAMS 0x0000000088100000, 0x0000000088100000| Untracked 
|  46|0x0000000088200000, 0x0000000088300000, 0x0000000088300000|100%| O|  |TAMS 0x0000000088200000, 0x0000000088200000| Untracked 
|  47|0x0000000088300000, 0x0000000088400000, 0x0000000088400000|100%| O|  |TAMS 0x0000000088300000, 0x0000000088300000| Untracked 
|  48|0x0000000088400000, 0x0000000088500000, 0x0000000088500000|100%| O|  |TAMS 0x0000000088400000, 0x0000000088400000| Untracked 
|  49|0x0000000088500000, 0x0000000088600000, 0x0000000088600000|100%| O|  |TAMS 0x0000000088500000, 0x0000000088500000| Untracked 
|  50|0x0000000088600000, 0x0000000088700000, 0x0000000088700000|100%| O|  |TAMS 0x0000000088600000, 0x0000000088600000| Untracked 
|  51|0x0000000088700000, 0x0000000088800000, 0x0000000088800000|100%| O|  |TAMS 0x0000000088700000, 0x0000000088700000| Untracked 
|  52|0x0000000088800000, 0x0000000088900000, 0x0000000088900000|100%| O|  |TAMS 0x0000000088800000, 0x0000000088800000| Untracked 
|  53|0x0000000088900000, 0x0000000088a00000, 0x0000000088a00000|100%| O|  |TAMS 0x0000000088900000, 0x0000000088900000| Untracked 
|  54|0x0000000088a00000, 0x0000000088b00000, 0x0000000088b00000|100%| O|  |TAMS 0x0000000088a00000, 0x0000000088a00000| Untracked 
|  55|0x0000000088b00000, 0x0000000088c00000, 0x0000000088c00000|100%| O|  |TAMS 0x0000000088b00000, 0x0000000088b00000| Untracked 
|  56|0x0000000088c00000, 0x0000000088d00000, 0x0000000088d00000|100%| O|  |TAMS 0x0000000088c00000, 0x0000000088c00000| Untracked 
|  57|0x0000000088d00000, 0x0000000088d00000, 0x0000000088e00000|  0%| F|  |TAMS 0x0000000088d00000, 0x0000000088d00000| Untracked 
|  58|0x0000000088e00000, 0x0000000088e00000, 0x0000000088f00000|  0%| F|  |TAMS 0x0000000088e00000, 0x0000000088e00000| Untracked 
|  59|0x0000000088f00000, 0x0000000088f00000, 0x0000000089000000|  0%| F|  |TAMS 0x0000000088f00000, 0x0000000088f00000| Untracked 
|  60|0x0000000089000000, 0x0000000089000000, 0x0000000089100000|  0%| F|  |TAMS 0x0000000089000000, 0x0000000089000000| Untracked 
|  61|0x0000000089100000, 0x0000000089100000, 0x0000000089200000|  0%| F|  |TAMS 0x0000000089100000, 0x0000000089100000| Untracked 
|  62|0x0000000089200000, 0x0000000089200000, 0x0000000089300000|  0%| F|  |TAMS 0x0000000089200000, 0x0000000089200000| Untracked 
|  63|0x0000000089300000, 0x0000000089300000, 0x0000000089400000|  0%| F|  |TAMS 0x0000000089300000, 0x0000000089300000| Untracked 
|  64|0x0000000089400000, 0x0000000089400000, 0x0000000089500000|  0%| F|  |TAMS 0x0000000089400000, 0x0000000089400000| Untracked 
|  65|0x0000000089500000, 0x0000000089500000, 0x0000000089600000|  0%| F|  |TAMS 0x0000000089500000, 0x0000000089500000| Untracked 
|  66|0x0000000089600000, 0x0000000089600000, 0x0000000089700000|  0%| F|  |TAMS 0x0000000089600000, 0x0000000089600000| Untracked 
|  67|0x0000000089700000, 0x0000000089700000, 0x0000000089800000|  0%| F|  |TAMS 0x0000000089700000, 0x0000000089700000| Untracked 
|  68|0x0000000089800000, 0x0000000089800000, 0x0000000089900000|  0%| F|  |TAMS 0x0000000089800000, 0x0000000089800000| Untracked 
|  69|0x0000000089900000, 0x0000000089900000, 0x0000000089a00000|  0%| F|  |TAMS 0x0000000089900000, 0x0000000089900000| Untracked 
|  70|0x0000000089a00000, 0x0000000089a00000, 0x0000000089b00000|  0%| F|  |TAMS 0x0000000089a00000, 0x0000000089a00000| Untracked 
|  71|0x0000000089b00000, 0x0000000089b00000, 0x0000000089c00000|  0%| F|  |TAMS 0x0000000089b00000, 0x0000000089b00000| Untracked 
|  72|0x0000000089c00000, 0x0000000089c00000, 0x0000000089d00000|  0%| F|  |TAMS 0x0000000089c00000, 0x0000000089c00000| Untracked 
|  73|0x0000000089d00000, 0x0000000089d00000, 0x0000000089e00000|  0%| F|  |TAMS 0x0000000089d00000, 0x0000000089d00000| Untracked 
|  74|0x0000000089e00000, 0x0000000089e00000, 0x0000000089f00000|  0%| F|  |TAMS 0x0000000089e00000, 0x0000000089e00000| Untracked 
|  75|0x0000000089f00000, 0x0000000089f00000, 0x000000008a000000|  0%| F|  |TAMS 0x0000000089f00000, 0x0000000089f00000| Untracked 
|  76|0x000000008a000000, 0x000000008a000000, 0x000000008a100000|  0%| F|  |TAMS 0x000000008a000000, 0x000000008a000000| Untracked 
|  77|0x000000008a100000, 0x000000008a100000, 0x000000008a200000|  0%| F|  |TAMS 0x000000008a100000, 0x000000008a100000| Untracked 
|  78|0x000000008a200000, 0x000000008a200000, 0x000000008a300000|  0%| F|  |TAMS 0x000000008a200000, 0x000000008a200000| Untracked 
|  79|0x000000008a300000, 0x000000008a300000, 0x000000008a400000|  0%| F|  |TAMS 0x000000008a300000, 0x000000008a300000| Untracked 
|  80|0x000000008a400000, 0x000000008a400000, 0x000000008a500000|  0%| F|  |TAMS 0x000000008a400000, 0x000000008a400000| Untracked 
|  81|0x000000008a500000, 0x000000008a500000, 0x000000008a600000|  0%| F|  |TAMS 0x000000008a500000, 0x000000008a500000| Untracked 
|  82|0x000000008a600000, 0x000000008a600000, 0x000000008a700000|  0%| F|  |TAMS 0x000000008a600000, 0x000000008a600000| Untracked 
|  83|0x000000008a700000, 0x000000008a700000, 0x000000008a800000|  0%| F|  |TAMS 0x000000008a700000, 0x000000008a700000| Untracked 
|  84|0x000000008a800000, 0x000000008a800000, 0x000000008a900000|  0%| F|  |TAMS 0x000000008a800000, 0x000000008a800000| Untracked 
|  85|0x000000008a900000, 0x000000008a900000, 0x000000008aa00000|  0%| F|  |TAMS 0x000000008a900000, 0x000000008a900000| Untracked 
|  86|0x000000008aa00000, 0x000000008aa00000, 0x000000008ab00000|  0%| F|  |TAMS 0x000000008aa00000, 0x000000008aa00000| Untracked 
|  87|0x000000008ab00000, 0x000000008ab00000, 0x000000008ac00000|  0%| F|  |TAMS 0x000000008ab00000, 0x000000008ab00000| Untracked 
|  88|0x000000008ac00000, 0x000000008ac00000, 0x000000008ad00000|  0%| F|  |TAMS 0x000000008ac00000, 0x000000008ac00000| Untracked 
|  89|0x000000008ad00000, 0x000000008ad00000, 0x000000008ae00000|  0%| F|  |TAMS 0x000000008ad00000, 0x000000008ad00000| Untracked 
|  90|0x000000008ae00000, 0x000000008ae00000, 0x000000008af00000|  0%| F|  |TAMS 0x000000008ae00000, 0x000000008ae00000| Untracked 
|  91|0x000000008af00000, 0x000000008af00000, 0x000000008b000000|  0%| F|  |TAMS 0x000000008af00000, 0x000000008af00000| Untracked 
|  92|0x000000008b000000, 0x000000008b000000, 0x000000008b100000|  0%| F|  |TAMS 0x000000008b000000, 0x000000008b000000| Untracked 
|  93|0x000000008b100000, 0x000000008b100000, 0x000000008b200000|  0%| F|  |TAMS 0x000000008b100000, 0x000000008b100000| Untracked 
|  94|0x000000008b200000, 0x000000008b200000, 0x000000008b300000|  0%| F|  |TAMS 0x000000008b200000, 0x000000008b200000| Untracked 
|  95|0x000000008b300000, 0x000000008b300000, 0x000000008b400000|  0%| F|  |TAMS 0x000000008b300000, 0x000000008b300000| Untracked 
|  96|0x000000008b400000, 0x000000008b400000, 0x000000008b500000|  0%| F|  |TAMS 0x000000008b400000, 0x000000008b400000| Untracked 
|  97|0x000000008b500000, 0x000000008b500000, 0x000000008b600000|  0%| F|  |TAMS 0x000000008b500000, 0x000000008b500000| Untracked 
|  98|0x000000008b600000, 0x000000008b600000, 0x000000008b700000|  0%| F|  |TAMS 0x000000008b600000, 0x000000008b600000| Untracked 
|  99|0x000000008b700000, 0x000000008b700000, 0x000000008b800000|  0%| F|  |TAMS 0x000000008b700000, 0x000000008b700000| Untracked 
| 100|0x000000008b800000, 0x000000008b800000, 0x000000008b900000|  0%| F|  |TAMS 0x000000008b800000, 0x000000008b800000| Untracked 
| 101|0x000000008b900000, 0x000000008b900000, 0x000000008ba00000|  0%| F|  |TAMS 0x000000008b900000, 0x000000008b900000| Untracked 
| 102|0x000000008ba00000, 0x000000008ba00000, 0x000000008bb00000|  0%| F|  |TAMS 0x000000008ba00000, 0x000000008ba00000| Untracked 
| 103|0x000000008bb00000, 0x000000008bb00000, 0x000000008bc00000|  0%| F|  |TAMS 0x000000008bb00000, 0x000000008bb00000| Untracked 
| 104|0x000000008bc00000, 0x000000008bc00000, 0x000000008bd00000|  0%| F|  |TAMS 0x000000008bc00000, 0x000000008bc00000| Untracked 
| 105|0x000000008bd00000, 0x000000008bd00000, 0x000000008be00000|  0%| F|  |TAMS 0x000000008bd00000, 0x000000008bd00000| Untracked 
| 106|0x000000008be00000, 0x000000008be00000, 0x000000008bf00000|  0%| F|  |TAMS 0x000000008be00000, 0x000000008be00000| Untracked 
| 107|0x000000008bf00000, 0x000000008bf00000, 0x000000008c000000|  0%| F|  |TAMS 0x000000008bf00000, 0x000000008bf00000| Untracked 
| 108|0x000000008c000000, 0x000000008c000000, 0x000000008c100000|  0%| F|  |TAMS 0x000000008c000000, 0x000000008c000000| Untracked 
| 109|0x000000008c100000, 0x000000008c100000, 0x000000008c200000|  0%| F|  |TAMS 0x000000008c100000, 0x000000008c100000| Untracked 
| 110|0x000000008c200000, 0x000000008c200000, 0x000000008c300000|  0%| F|  |TAMS 0x000000008c200000, 0x000000008c200000| Untracked 
| 111|0x000000008c300000, 0x000000008c300000, 0x000000008c400000|  0%| F|  |TAMS 0x000000008c300000, 0x000000008c300000| Untracked 
| 112|0x000000008c400000, 0x000000008c400000, 0x000000008c500000|  0%| F|  |TAMS 0x000000008c400000, 0x000000008c400000| Untracked 
| 113|0x000000008c500000, 0x000000008c500000, 0x000000008c600000|  0%| F|  |TAMS 0x000000008c500000, 0x000000008c500000| Untracked 
| 114|0x000000008c600000, 0x000000008c600000, 0x000000008c700000|  0%| F|  |TAMS 0x000000008c600000, 0x000000008c600000| Untracked 
| 115|0x000000008c700000, 0x000000008c700000, 0x000000008c800000|  0%| F|  |TAMS 0x000000008c700000, 0x000000008c700000| Untracked 
| 116|0x000000008c800000, 0x000000008c800000, 0x000000008c900000|  0%| F|  |TAMS 0x000000008c800000, 0x000000008c800000| Untracked 
| 117|0x000000008c900000, 0x000000008c900000, 0x000000008ca00000|  0%| F|  |TAMS 0x000000008c900000, 0x000000008c900000| Untracked 
| 118|0x000000008ca00000, 0x000000008ca00000, 0x000000008cb00000|  0%| F|  |TAMS 0x000000008ca00000, 0x000000008ca00000| Untracked 
| 119|0x000000008cb00000, 0x000000008cb00000, 0x000000008cc00000|  0%| F|  |TAMS 0x000000008cb00000, 0x000000008cb00000| Untracked 
| 120|0x000000008cc00000, 0x000000008cc00000, 0x000000008cd00000|  0%| F|  |TAMS 0x000000008cc00000, 0x000000008cc00000| Untracked 
| 121|0x000000008cd00000, 0x000000008cd00000, 0x000000008ce00000|  0%| F|  |TAMS 0x000000008cd00000, 0x000000008cd00000| Untracked 
| 122|0x000000008ce00000, 0x000000008ce00000, 0x000000008cf00000|  0%| F|  |TAMS 0x000000008ce00000, 0x000000008ce00000| Untracked 
| 123|0x000000008cf00000, 0x000000008cf00000, 0x000000008d000000|  0%| F|  |TAMS 0x000000008cf00000, 0x000000008cf00000| Untracked 
| 124|0x000000008d000000, 0x000000008d000000, 0x000000008d100000|  0%| F|  |TAMS 0x000000008d000000, 0x000000008d000000| Untracked 
| 125|0x000000008d100000, 0x000000008d100000, 0x000000008d200000|  0%| F|  |TAMS 0x000000008d100000, 0x000000008d100000| Untracked 
| 126|0x000000008d200000, 0x000000008d200000, 0x000000008d300000|  0%| F|  |TAMS 0x000000008d200000, 0x000000008d200000| Untracked 
| 127|0x000000008d300000, 0x000000008d300000, 0x000000008d400000|  0%| F|  |TAMS 0x000000008d300000, 0x000000008d300000| Untracked 
| 128|0x000000008d400000, 0x000000008d400000, 0x000000008d500000|  0%| F|  |TAMS 0x000000008d400000, 0x000000008d400000| Untracked 
| 129|0x000000008d500000, 0x000000008d500000, 0x000000008d600000|  0%| F|  |TAMS 0x000000008d500000, 0x000000008d500000| Untracked 
| 130|0x000000008d600000, 0x000000008d600000, 0x000000008d700000|  0%| F|  |TAMS 0x000000008d600000, 0x000000008d600000| Untracked 
| 131|0x000000008d700000, 0x000000008d700000, 0x000000008d800000|  0%| F|  |TAMS 0x000000008d700000, 0x000000008d700000| Untracked 
| 132|0x000000008d800000, 0x000000008d800000, 0x000000008d900000|  0%| F|  |TAMS 0x000000008d800000, 0x000000008d800000| Untracked 
| 133|0x000000008d900000, 0x000000008d900000, 0x000000008da00000|  0%| F|  |TAMS 0x000000008d900000, 0x000000008d900000| Untracked 
| 134|0x000000008da00000, 0x000000008da00000, 0x000000008db00000|  0%| F|  |TAMS 0x000000008da00000, 0x000000008da00000| Untracked 
| 135|0x000000008db00000, 0x000000008db00000, 0x000000008dc00000|  0%| F|  |TAMS 0x000000008db00000, 0x000000008db00000| Untracked 
| 136|0x000000008dc00000, 0x000000008dc00000, 0x000000008dd00000|  0%| F|  |TAMS 0x000000008dc00000, 0x000000008dc00000| Untracked 
| 137|0x000000008dd00000, 0x000000008dd00000, 0x000000008de00000|  0%| F|  |TAMS 0x000000008dd00000, 0x000000008dd00000| Untracked 
| 138|0x000000008de00000, 0x000000008de00000, 0x000000008df00000|  0%| F|  |TAMS 0x000000008de00000, 0x000000008de00000| Untracked 
| 139|0x000000008df00000, 0x000000008df00000, 0x000000008e000000|  0%| F|  |TAMS 0x000000008df00000, 0x000000008df00000| Untracked 
| 140|0x000000008e000000, 0x000000008e000000, 0x000000008e100000|  0%| F|  |TAMS 0x000000008e000000, 0x000000008e000000| Untracked 
| 141|0x000000008e100000, 0x000000008e100000, 0x000000008e200000|  0%| F|  |TAMS 0x000000008e100000, 0x000000008e100000| Untracked 
| 142|0x000000008e200000, 0x000000008e200000, 0x000000008e300000|  0%| F|  |TAMS 0x000000008e200000, 0x000000008e200000| Untracked 
| 143|0x000000008e300000, 0x000000008e300000, 0x000000008e400000|  0%| F|  |TAMS 0x000000008e300000, 0x000000008e300000| Untracked 
| 144|0x000000008e400000, 0x000000008e400000, 0x000000008e500000|  0%| F|  |TAMS 0x000000008e400000, 0x000000008e400000| Untracked 
| 145|0x000000008e500000, 0x000000008e500000, 0x000000008e600000|  0%| F|  |TAMS 0x000000008e500000, 0x000000008e500000| Untracked 
| 146|0x000000008e600000, 0x000000008e600000, 0x000000008e700000|  0%| F|  |TAMS 0x000000008e600000, 0x000000008e600000| Untracked 
| 147|0x000000008e700000, 0x000000008e700000, 0x000000008e800000|  0%| F|  |TAMS 0x000000008e700000, 0x000000008e700000| Untracked 
| 148|0x000000008e800000, 0x000000008e800000, 0x000000008e900000|  0%| F|  |TAMS 0x000000008e800000, 0x000000008e800000| Untracked 
| 149|0x000000008e900000, 0x000000008e900000, 0x000000008ea00000|  0%| F|  |TAMS 0x000000008e900000, 0x000000008e900000| Untracked 
| 150|0x000000008ea00000, 0x000000008ea00000, 0x000000008eb00000|  0%| F|  |TAMS 0x000000008ea00000, 0x000000008ea00000| Untracked 
| 151|0x000000008eb00000, 0x000000008eb00000, 0x000000008ec00000|  0%| F|  |TAMS 0x000000008eb00000, 0x000000008eb00000| Untracked 
| 152|0x000000008ec00000, 0x000000008ec00000, 0x000000008ed00000|  0%| F|  |TAMS 0x000000008ec00000, 0x000000008ec00000| Untracked 
| 153|0x000000008ed00000, 0x000000008ed00000, 0x000000008ee00000|  0%| F|  |TAMS 0x000000008ed00000, 0x000000008ed00000| Untracked 
| 154|0x000000008ee00000, 0x000000008ee00000, 0x000000008ef00000|  0%| F|  |TAMS 0x000000008ee00000, 0x000000008ee00000| Untracked 
| 155|0x000000008ef00000, 0x000000008ef00000, 0x000000008f000000|  0%| F|  |TAMS 0x000000008ef00000, 0x000000008ef00000| Untracked 
| 156|0x000000008f000000, 0x000000008f000000, 0x000000008f100000|  0%| F|  |TAMS 0x000000008f000000, 0x000000008f000000| Untracked 
| 157|0x000000008f100000, 0x000000008f100000, 0x000000008f200000|  0%| F|  |TAMS 0x000000008f100000, 0x000000008f100000| Untracked 
| 158|0x000000008f200000, 0x000000008f200000, 0x000000008f300000|  0%| F|  |TAMS 0x000000008f200000, 0x000000008f200000| Untracked 
| 159|0x000000008f300000, 0x000000008f300000, 0x000000008f400000|  0%| F|  |TAMS 0x000000008f300000, 0x000000008f300000| Untracked 
| 160|0x000000008f400000, 0x000000008f400000, 0x000000008f500000|  0%| F|  |TAMS 0x000000008f400000, 0x000000008f400000| Untracked 
| 161|0x000000008f500000, 0x000000008f500000, 0x000000008f600000|  0%| F|  |TAMS 0x000000008f500000, 0x000000008f500000| Untracked 
| 162|0x000000008f600000, 0x000000008f600000, 0x000000008f700000|  0%| F|  |TAMS 0x000000008f600000, 0x000000008f600000| Untracked 
| 163|0x000000008f700000, 0x000000008f700000, 0x000000008f800000|  0%| F|  |TAMS 0x000000008f700000, 0x000000008f700000| Untracked 
| 164|0x000000008f800000, 0x000000008f800000, 0x000000008f900000|  0%| F|  |TAMS 0x000000008f800000, 0x000000008f800000| Untracked 
| 165|0x000000008f900000, 0x000000008f900000, 0x000000008fa00000|  0%| F|  |TAMS 0x000000008f900000, 0x000000008f900000| Untracked 
| 166|0x000000008fa00000, 0x000000008fa00000, 0x000000008fb00000|  0%| F|  |TAMS 0x000000008fa00000, 0x000000008fa00000| Untracked 
| 167|0x000000008fb00000, 0x000000008fb00000, 0x000000008fc00000|  0%| F|  |TAMS 0x000000008fb00000, 0x000000008fb00000| Untracked 
| 168|0x000000008fc00000, 0x000000008fc00000, 0x000000008fd00000|  0%| F|  |TAMS 0x000000008fc00000, 0x000000008fc00000| Untracked 
| 169|0x000000008fd00000, 0x000000008fd00000, 0x000000008fe00000|  0%| F|  |TAMS 0x000000008fd00000, 0x000000008fd00000| Untracked 
| 170|0x000000008fe00000, 0x000000008fe00000, 0x000000008ff00000|  0%| F|  |TAMS 0x000000008fe00000, 0x000000008fe00000| Untracked 
| 171|0x000000008ff00000, 0x000000008ff00000, 0x0000000090000000|  0%| F|  |TAMS 0x000000008ff00000, 0x000000008ff00000| Untracked 
| 172|0x0000000090000000, 0x0000000090000000, 0x0000000090100000|  0%| F|  |TAMS 0x0000000090000000, 0x0000000090000000| Untracked 
| 173|0x0000000090100000, 0x0000000090100000, 0x0000000090200000|  0%| F|  |TAMS 0x0000000090100000, 0x0000000090100000| Untracked 
| 174|0x0000000090200000, 0x0000000090200000, 0x0000000090300000|  0%| F|  |TAMS 0x0000000090200000, 0x0000000090200000| Untracked 
| 175|0x0000000090300000, 0x0000000090300000, 0x0000000090400000|  0%| F|  |TAMS 0x0000000090300000, 0x0000000090300000| Untracked 
| 176|0x0000000090400000, 0x0000000090400000, 0x0000000090500000|  0%| F|  |TAMS 0x0000000090400000, 0x0000000090400000| Untracked 
| 177|0x0000000090500000, 0x0000000090500000, 0x0000000090600000|  0%| F|  |TAMS 0x0000000090500000, 0x0000000090500000| Untracked 
| 178|0x0000000090600000, 0x0000000090600000, 0x0000000090700000|  0%| F|  |TAMS 0x0000000090600000, 0x0000000090600000| Untracked 
| 179|0x0000000090700000, 0x0000000090700000, 0x0000000090800000|  0%| F|  |TAMS 0x0000000090700000, 0x0000000090700000| Untracked 
| 180|0x0000000090800000, 0x0000000090800000, 0x0000000090900000|  0%| F|  |TAMS 0x0000000090800000, 0x0000000090800000| Untracked 
| 181|0x0000000090900000, 0x0000000090900000, 0x0000000090a00000|  0%| F|  |TAMS 0x0000000090900000, 0x0000000090900000| Untracked 
| 182|0x0000000090a00000, 0x0000000090a00000, 0x0000000090b00000|  0%| F|  |TAMS 0x0000000090a00000, 0x0000000090a00000| Untracked 
| 183|0x0000000090b00000, 0x0000000090b00000, 0x0000000090c00000|  0%| F|  |TAMS 0x0000000090b00000, 0x0000000090b00000| Untracked 
| 184|0x0000000090c00000, 0x0000000090c00000, 0x0000000090d00000|  0%| F|  |TAMS 0x0000000090c00000, 0x0000000090c00000| Untracked 
| 185|0x0000000090d00000, 0x0000000090d00000, 0x0000000090e00000|  0%| F|  |TAMS 0x0000000090d00000, 0x0000000090d00000| Untracked 
| 186|0x0000000090e00000, 0x0000000090e00000, 0x0000000090f00000|  0%| F|  |TAMS 0x0000000090e00000, 0x0000000090e00000| Untracked 
| 187|0x0000000090f00000, 0x0000000090f00000, 0x0000000091000000|  0%| F|  |TAMS 0x0000000090f00000, 0x0000000090f00000| Untracked 
| 188|0x0000000091000000, 0x0000000091000000, 0x0000000091100000|  0%| F|  |TAMS 0x0000000091000000, 0x0000000091000000| Untracked 
| 189|0x0000000091100000, 0x0000000091100000, 0x0000000091200000|  0%| F|  |TAMS 0x0000000091100000, 0x0000000091100000| Untracked 
| 190|0x0000000091200000, 0x0000000091200000, 0x0000000091300000|  0%| F|  |TAMS 0x0000000091200000, 0x0000000091200000| Untracked 
| 191|0x0000000091300000, 0x0000000091300000, 0x0000000091400000|  0%| F|  |TAMS 0x0000000091300000, 0x0000000091300000| Untracked 
| 192|0x0000000091400000, 0x0000000091400000, 0x0000000091500000|  0%| F|  |TAMS 0x0000000091400000, 0x0000000091400000| Untracked 
| 193|0x0000000091500000, 0x0000000091500000, 0x0000000091600000|  0%| F|  |TAMS 0x0000000091500000, 0x0000000091500000| Untracked 
| 194|0x0000000091600000, 0x0000000091600000, 0x0000000091700000|  0%| F|  |TAMS 0x0000000091600000, 0x0000000091600000| Untracked 
| 195|0x0000000091700000, 0x0000000091700000, 0x0000000091800000|  0%| F|  |TAMS 0x0000000091700000, 0x0000000091700000| Untracked 
| 196|0x0000000091800000, 0x0000000091800000, 0x0000000091900000|  0%| F|  |TAMS 0x0000000091800000, 0x0000000091800000| Untracked 
| 197|0x0000000091900000, 0x0000000091900000, 0x0000000091a00000|  0%| F|  |TAMS 0x0000000091900000, 0x0000000091900000| Untracked 
| 198|0x0000000091a00000, 0x0000000091a00000, 0x0000000091b00000|  0%| F|  |TAMS 0x0000000091a00000, 0x0000000091a00000| Untracked 
| 199|0x0000000091b00000, 0x0000000091b00000, 0x0000000091c00000|  0%| F|  |TAMS 0x0000000091b00000, 0x0000000091b00000| Untracked 
| 200|0x0000000091c00000, 0x0000000091c00000, 0x0000000091d00000|  0%| F|  |TAMS 0x0000000091c00000, 0x0000000091c00000| Untracked 
| 201|0x0000000091d00000, 0x0000000091d00000, 0x0000000091e00000|  0%| F|  |TAMS 0x0000000091d00000, 0x0000000091d00000| Untracked 
| 202|0x0000000091e00000, 0x0000000091e00000, 0x0000000091f00000|  0%| F|  |TAMS 0x0000000091e00000, 0x0000000091e00000| Untracked 
| 203|0x0000000091f00000, 0x0000000091f00000, 0x0000000092000000|  0%| F|  |TAMS 0x0000000091f00000, 0x0000000091f00000| Untracked 
| 204|0x0000000092000000, 0x0000000092000000, 0x0000000092100000|  0%| F|  |TAMS 0x0000000092000000, 0x0000000092000000| Untracked 
| 205|0x0000000092100000, 0x0000000092100000, 0x0000000092200000|  0%| F|  |TAMS 0x0000000092100000, 0x0000000092100000| Untracked 
| 206|0x0000000092200000, 0x0000000092200000, 0x0000000092300000|  0%| F|  |TAMS 0x0000000092200000, 0x0000000092200000| Untracked 
| 207|0x0000000092300000, 0x0000000092300000, 0x0000000092400000|  0%| F|  |TAMS 0x0000000092300000, 0x0000000092300000| Untracked 
| 208|0x0000000092400000, 0x0000000092400000, 0x0000000092500000|  0%| F|  |TAMS 0x0000000092400000, 0x0000000092400000| Untracked 
| 209|0x0000000092500000, 0x0000000092500000, 0x0000000092600000|  0%| F|  |TAMS 0x0000000092500000, 0x0000000092500000| Untracked 
| 210|0x0000000092600000, 0x0000000092600000, 0x0000000092700000|  0%| F|  |TAMS 0x0000000092600000, 0x0000000092600000| Untracked 
| 211|0x0000000092700000, 0x0000000092700000, 0x0000000092800000|  0%| F|  |TAMS 0x0000000092700000, 0x0000000092700000| Untracked 
| 212|0x0000000092800000, 0x0000000092800000, 0x0000000092900000|  0%| F|  |TAMS 0x0000000092800000, 0x0000000092800000| Untracked 
| 213|0x0000000092900000, 0x0000000092900000, 0x0000000092a00000|  0%| F|  |TAMS 0x0000000092900000, 0x0000000092900000| Untracked 
| 214|0x0000000092a00000, 0x0000000092a00000, 0x0000000092b00000|  0%| F|  |TAMS 0x0000000092a00000, 0x0000000092a00000| Untracked 
| 215|0x0000000092b00000, 0x0000000092b00000, 0x0000000092c00000|  0%| F|  |TAMS 0x0000000092b00000, 0x0000000092b00000| Untracked 
| 216|0x0000000092c00000, 0x0000000092c00000, 0x0000000092d00000|  0%| F|  |TAMS 0x0000000092c00000, 0x0000000092c00000| Untracked 
| 217|0x0000000092d00000, 0x0000000092d00000, 0x0000000092e00000|  0%| F|  |TAMS 0x0000000092d00000, 0x0000000092d00000| Untracked 
| 218|0x0000000092e00000, 0x0000000092e00000, 0x0000000092f00000|  0%| F|  |TAMS 0x0000000092e00000, 0x0000000092e00000| Untracked 
| 219|0x0000000092f00000, 0x0000000092f00000, 0x0000000093000000|  0%| F|  |TAMS 0x0000000092f00000, 0x0000000092f00000| Untracked 
| 220|0x0000000093000000, 0x0000000093000000, 0x0000000093100000|  0%| F|  |TAMS 0x0000000093000000, 0x0000000093000000| Untracked 
| 221|0x0000000093100000, 0x0000000093100000, 0x0000000093200000|  0%| F|  |TAMS 0x0000000093100000, 0x0000000093100000| Untracked 
| 222|0x0000000093200000, 0x0000000093200000, 0x0000000093300000|  0%| F|  |TAMS 0x0000000093200000, 0x0000000093200000| Untracked 
| 223|0x0000000093300000, 0x0000000093300000, 0x0000000093400000|  0%| F|  |TAMS 0x0000000093300000, 0x0000000093300000| Untracked 
| 224|0x0000000093400000, 0x0000000093400000, 0x0000000093500000|  0%| F|  |TAMS 0x0000000093400000, 0x0000000093400000| Untracked 
| 225|0x0000000093500000, 0x0000000093500000, 0x0000000093600000|  0%| F|  |TAMS 0x0000000093500000, 0x0000000093500000| Untracked 
| 226|0x0000000093600000, 0x0000000093600000, 0x0000000093700000|  0%| F|  |TAMS 0x0000000093600000, 0x0000000093600000| Untracked 
| 227|0x0000000093700000, 0x0000000093761348, 0x0000000093800000| 37%| S|CS|TAMS 0x0000000093700000, 0x0000000093700000| Complete 
| 228|0x0000000093800000, 0x0000000093800000, 0x0000000093900000|  0%| F|  |TAMS 0x0000000093800000, 0x0000000093800000| Untracked 
| 229|0x0000000093900000, 0x0000000093900000, 0x0000000093a00000|  0%| F|  |TAMS 0x0000000093900000, 0x0000000093900000| Untracked 
| 230|0x0000000093a00000, 0x0000000093a00000, 0x0000000093b00000|  0%| F|  |TAMS 0x0000000093a00000, 0x0000000093a00000| Untracked 
| 231|0x0000000093b00000, 0x0000000093b00000, 0x0000000093c00000|  0%| F|  |TAMS 0x0000000093b00000, 0x0000000093b00000| Untracked 
| 232|0x0000000093c00000, 0x0000000093c00000, 0x0000000093d00000|  0%| F|  |TAMS 0x0000000093c00000, 0x0000000093c00000| Untracked 
| 233|0x0000000093d00000, 0x0000000093d00000, 0x0000000093e00000|  0%| F|  |TAMS 0x0000000093d00000, 0x0000000093d00000| Untracked 
| 234|0x0000000093e00000, 0x0000000093e00000, 0x0000000093f00000|  0%| F|  |TAMS 0x0000000093e00000, 0x0000000093e00000| Untracked 
| 235|0x0000000093f00000, 0x0000000093f00000, 0x0000000094000000|  0%| F|  |TAMS 0x0000000093f00000, 0x0000000093f00000| Untracked 
| 236|0x0000000094000000, 0x0000000094000000, 0x0000000094100000|  0%| F|  |TAMS 0x0000000094000000, 0x0000000094000000| Untracked 
| 237|0x0000000094100000, 0x0000000094100000, 0x0000000094200000|  0%| F|  |TAMS 0x0000000094100000, 0x0000000094100000| Untracked 
| 238|0x0000000094200000, 0x0000000094200000, 0x0000000094300000|  0%| F|  |TAMS 0x0000000094200000, 0x0000000094200000| Untracked 
| 239|0x0000000094300000, 0x0000000094300000, 0x0000000094400000|  0%| F|  |TAMS 0x0000000094300000, 0x0000000094300000| Untracked 
|1962|0x00000000ffe00000, 0x00000000ffe34000, 0x00000000fff00000| 20%|OA|  |TAMS 0x00000000ffe00000, 0x00000000ffe00000| Untracked 
|1963|0x00000000fff00000, 0x00000000fff6a000, 0x0000000100000000| 41%|CA|  |TAMS 0x00000000fff00000, 0x00000000fff00000| Untracked 

Card table byte_map: [0x00007fb3e9d39000,0x00007fb3ea10f000] _byte_map_base: 0x00007fb3e990f000

Marking Bits (Prev, Next): (CMBitMap*) 0x00007fb3e4050d48, (CMBitMap*) 0x00007fb3e4050d80
 Prev Bits: [0x00007fb3c6150000, 0x00007fb3c8000000)
 Next Bits: [0x00007fb3c42a0000, 0x00007fb3c6150000)

Polling page: 0x00007fb3eea0e000

Metaspace:

Usage:
  Non-class:      6,68 MB capacity,     6,12 MB ( 92%) used,   536,63 KB (  8%) free+waste,    41,81 KB ( <1%) overhead. 
      Class:   1001,00 KB capacity,   769,61 KB ( 77%) used,   208,95 KB ( 21%) free+waste,    22,44 KB (  2%) overhead. 
       Both:      7,66 MB capacity,     6,87 MB ( 90%) used,   745,59 KB ( 10%) free+waste,    64,25 KB ( <1%) overhead. 

Virtual space:
  Non-class space:        8,00 MB reserved,       6,75 MB ( 84%) committed 
      Class space:        1,00 GB reserved,       1,00 MB ( <1%) committed 
             Both:        1,01 GB reserved,       7,75 MB ( <1%) committed 

Chunk freelists:
   Non-Class:  0 bytes
       Class:  0 bytes
        Both:  0 bytes

CodeHeap 'non-profiled nmethods': size=120032Kb used=597Kb max_used=597Kb free=119434Kb
 bounds [0x00007fb3d441e000, 0x00007fb3d468e000, 0x00007fb3db956000]
CodeHeap 'profiled nmethods': size=120032Kb used=3678Kb max_used=3678Kb free=116353Kb
 bounds [0x00007fb3ccee6000, 0x00007fb3cd286000, 0x00007fb3d441e000]
CodeHeap 'non-nmethods': size=5696Kb used=1120Kb max_used=1134Kb free=4575Kb
 bounds [0x00007fb3cc956000, 0x00007fb3ccbc6000, 0x00007fb3ccee6000]
 total_blobs=2527 nmethods=1780 adapters=346
 compilation: enabled
              stopped_count=0, restarted_count=0
 full_count=0

Compilation events (10 events):
Event: 2,041 Thread 0x00007fb3e4114000 nmethod 1835 0x00007fb3cd27b490 code [0x00007fb3cd27b640, 0x00007fb3cd27b7d0]
Event: 2,041 Thread 0x00007fb3e4114000 1836       2       java.lang.invoke.ClassSpecializer$Factory$1Var::isInHeap (13 bytes)
Event: 2,041 Thread 0x00007fb3e4114000 nmethod 1836 0x00007fb3cd27b890 code [0x00007fb3cd27ba40, 0x00007fb3cd27bbd0]
Event: 2,042 Thread 0x00007fb3e4114000 1833       2       java.lang.invoke.ClassSpecializer$Factory$1Var::<init> (146 bytes)
Event: 2,069 Thread 0x00007fb3e4114000 nmethod 1833 0x00007fb3cd27bc90 code [0x00007fb3cd27bf40, 0x00007fb3cd27c8f8]
Event: 2,070 Thread 0x00007fb3e4114000 1834       2       java.lang.invoke.ClassSpecializer$Factory$1Var::nextSlotIndex (24 bytes)
Event: 2,070 Thread 0x00007fb3e4114000 nmethod 1834 0x00007fb3cd27cf10 code [0x00007fb3cd27d0c0, 0x00007fb3cd27d250]
Event: 2,211 Thread 0x00007fb3e4114000 1839       2       java.util.Map::computeIfAbsent (45 bytes)
Event: 12,407 Thread 0x00007fb3e4114000 nmethod 1839 0x00007fb3cd27d390 code [0x00007fb3cd27d580, 0x00007fb3cd27d878]
Event: 12,738 Thread 0x00007fb3e4114000 1841       2       org.apache.tools.ant.DemuxOutputStream::write (126 bytes)

GC Heap History (10 events):
Event: 1,413 GC heap after
{Heap after GC invocations=9 (full 0):
 garbage-first heap   total 247808K, used 59250K [0x0000000085400000, 0x0000000100000000)
  region size 1024K, 1 young (1024K), 1 survivors (1024K)
 Metaspace       used 6860K, capacity 7665K, committed 7936K, reserved 1056768K
  class space    used 735K, capacity 938K, committed 1024K, reserved 1048576K
}
Event: 1,446 GC heap before
{Heap before GC invocations=9 (full 0):
 garbage-first heap   total 247808K, used 70514K [0x0000000085400000, 0x0000000100000000)
  region size 1024K, 12 young (12288K), 1 survivors (1024K)
 Metaspace       used 6860K, capacity 7665K, committed 7936K, reserved 1056768K
  class space    used 735K, capacity 938K, committed 1024K, reserved 1048576K
}
Event: 1,447 GC heap after
{Heap after GC invocations=10 (full 0):
 garbage-first heap   total 247808K, used 59258K [0x0000000085400000, 0x0000000100000000)
  region size 1024K, 1 young (1024K), 1 survivors (1024K)
 Metaspace       used 6860K, capacity 7665K, committed 7936K, reserved 1056768K
  class space    used 735K, capacity 938K, committed 1024K, reserved 1048576K
}
Event: 1,745 GC heap before
{Heap before GC invocations=10 (full 0):
 garbage-first heap   total 247808K, used 145274K [0x0000000085400000, 0x0000000100000000)
  region size 1024K, 85 young (87040K), 1 survivors (1024K)
 Metaspace       used 6860K, capacity 7665K, committed 7936K, reserved 1056768K
  class space    used 735K, capacity 938K, committed 1024K, reserved 1048576K
}
Event: 1,754 GC heap after
{Heap after GC invocations=11 (full 0):
 garbage-first heap   total 247808K, used 59272K [0x0000000085400000, 0x0000000100000000)
  region size 1024K, 1 young (1024K), 1 survivors (1024K)
 Metaspace       used 6860K, capacity 7665K, committed 7936K, reserved 1056768K
  class space    used 735K, capacity 938K, committed 1024K, reserved 1048576K
}
Event: 3,552 GC heap before
{Heap before GC invocations=11 (full 0):
 garbage-first heap   total 247808K, used 171912K [0x0000000085400000, 0x0000000100000000)
  region size 1024K, 112 young (114688K), 1 survivors (1024K)
 Metaspace       used 7032K, capacity 7844K, committed 7936K, reserved 1056768K
  class space    used 769K, capacity 1001K, committed 1024K, reserved 1048576K
}
Event: 5,459 GC heap after
{Heap after GC invocations=12 (full 0):
 garbage-first heap   total 247808K, used 59367K [0x0000000085400000, 0x0000000100000000)
  region size 1024K, 1 young (1024K), 1 survivors (1024K)
 Metaspace       used 7032K, capacity 7844K, committed 7936K, reserved 1056768K
  class space    used 769K, capacity 1001K, committed 1024K, reserved 1048576K
}
Event: 6,451 GC heap before
{Heap before GC invocations=12 (full 0):
 garbage-first heap   total 247808K, used 69607K [0x0000000085400000, 0x0000000100000000)
  region size 1024K, 12 young (12288K), 1 survivors (1024K)
 Metaspace       used 7032K, capacity 7844K, committed 7936K, reserved 1056768K
  class space    used 769K, capacity 1001K, committed 1024K, reserved 1048576K
}
Event: 8,423 GC heap after
{Heap after GC invocations=13 (full 0):
 garbage-first heap   total 247808K, used 59376K [0x0000000085400000, 0x0000000100000000)
  region size 1024K, 1 young (1024K), 1 survivors (1024K)
 Metaspace       used 7032K, capacity 7844K, committed 7936K, reserved 1056768K
  class space    used 769K, capacity 1001K, committed 1024K, reserved 1048576K
}
Event: 14,612 GC heap before
{Heap before GC invocations=13 (full 0):
 garbage-first heap   total 247808K, used 70640K [0x0000000085400000, 0x0000000100000000)
  region size 1024K, 12 young (12288K), 1 survivors (1024K)
 Metaspace       used 7034K, capacity 7844K, committed 7936K, reserved 1056768K
  class space    used 769K, capacity 1001K, committed 1024K, reserved 1048576K
}

Deoptimization events (10 events):
Event: 1,362 Thread 0x00007fb3e443f800 DEOPT PACKING pc=0x00007fb3cd1ff7fd sp=0x00007fb3bcf282c0
Event: 1,362 Thread 0x00007fb3e443f800 DEOPT UNPACKING pc=0x00007fb3cc97e83a sp=0x00007fb3bcf27798 mode 0
Event: 1,363 Thread 0x00007fb3e443f800 DEOPT PACKING pc=0x00007fb3cd1ff7fd sp=0x00007fb3bcf282c0
Event: 1,363 Thread 0x00007fb3e443f800 DEOPT UNPACKING pc=0x00007fb3cc97e83a sp=0x00007fb3bcf27798 mode 0
Event: 1,364 Thread 0x00007fb3e443f800 DEOPT PACKING pc=0x00007fb3cd1ff7fd sp=0x00007fb3bcf282c0
Event: 1,364 Thread 0x00007fb3e443f800 DEOPT UNPACKING pc=0x00007fb3cc97e83a sp=0x00007fb3bcf27798 mode 0
Event: 1,420 Thread 0x00007fb3e443e000 Uncommon trap: trap_request=0x0000001e fr.pc=0x00007fb3d44a96a0 relative=0x0000000000000660
Event: 1,420 Thread 0x00007fb3e443e000 Uncommon trap: reason=unloaded action=reinterpret pc=0x00007fb3d44a96a0 method=Pair2Pair.Politicien.createMot()LPair2Pair/Block; @ 225 c2
Event: 1,420 Thread 0x00007fb3e443e000 DEOPT PACKING pc=0x00007fb3d44a96a0 sp=0x00007fb3bd029860
Event: 1,420 Thread 0x00007fb3e443e000 DEOPT UNPACKING pc=0x00007fb3cc97ea25 sp=0x00007fb3bd029820 mode 2

Classes redefined (0 events):
No events

Internal exceptions (10 events):
Event: 0,649 Thread 0x00007fb3e4012000 Exception <a 'java/lang/NoSuchMethodError'{0x000000008cfaf380}: 'int java.lang.invoke.DirectMethodHandle$Holder.invokeStaticInit(java.lang.Object, java.lang.Object)'> (0x000000008cfaf380) thrown at [/build/openjdk-lts-7bqZff/openjdk-lts-11.0.4+11/src/hots
Event: 0,667 Thread 0x00007fb3e4012000 Exception <a 'java/lang/ClassNotFoundException'{0x000000008cff00a8}: javax/smartcardio/CardPermission> (0x000000008cff00a8) thrown at [/build/openjdk-lts-7bqZff/openjdk-lts-11.0.4+11/src/hotspot/share/classfile/systemDictionary.cpp, line 231]
Event: 0,670 Thread 0x00007fb3e4012000 Exception <a 'java/io/FileNotFoundException'{0x000000008ce06a60}> (0x000000008ce06a60) thrown at [/build/openjdk-lts-7bqZff/openjdk-lts-11.0.4+11/src/hotspot/share/prims/jni.cpp, line 615]
Event: 1,083 Thread 0x00007fb3e4433800 Exception <a 'java/lang/NoSuchMethodError'{0x000000008cd0b3d0}: 'java.lang.Object java.lang.invoke.Invokers$Holder.linkToTargetMethod(int, int, int, java.lang.Object)'> (0x000000008cd0b3d0) thrown at [/build/openjdk-lts-7bqZff/openjdk-lts-11.0.4+11/src/ho
Event: 1,328 Thread 0x00007fb3e4442000 Exception <a 'java/lang/NoSuchMethodError'{0x00000000939d83f8}: 'java.lang.Object java.lang.invoke.Invokers$Holder.linkToTargetMethod(java.lang.Object, int, int, java.lang.Object)'> (0x00000000939d83f8) thrown at [/build/openjdk-lts-7bqZff/openjdk-lts-11.
Event: 1,331 Thread 0x00007fb3e4444000 Exception <a 'java/lang/NoSuchMethodError'{0x0000000093919730}: 'java.lang.Object java.lang.invoke.Invokers$Holder.linkToTargetMethod(java.lang.Object, int, int, java.lang.Object)'> (0x0000000093919730) thrown at [/build/openjdk-lts-7bqZff/openjdk-lts-11.
Event: 1,957 Thread 0x00007fb3e4444000 Exception <a 'java/lang/NoSuchMethodError'{0x00000000910360d8}: 'java.lang.Object java.lang.invoke.DirectMethodHandle$Holder.invokeSpecial(java.lang.Object, java.lang.Object, int, int, int, int, int, int)'> (0x00000000910360d8) thrown at [/build/openjdk-l
Event: 1,958 Thread 0x00007fb3e4444000 Exception <a 'java/lang/NoSuchMethodError'{0x0000000091039410}: 'java.lang.Object java.lang.invoke.DelegatingMethodHandle$Holder.reinvoke_L(java.lang.Object, int, int, int, int, int, int)'> (0x0000000091039410) thrown at [/build/openjdk-lts-7bqZff/openjdk
Event: 1,966 Thread 0x00007fb3e4444000 Exception <a 'java/lang/NoSuchMethodError'{0x0000000090a0d8b0}: 'java.lang.Object java.lang.invoke.DirectMethodHandle$Holder.invokeSpecial(java.lang.Object, java.lang.Object, int, int, int, int)'> (0x0000000090a0d8b0) thrown at [/build/openjdk-lts-7bqZff/
Event: 2,027 Thread 0x00007fb3e4444000 Exception <a 'java/lang/NoSuchMethodError'{0x00000000904cc538}: 'java.lang.Object java.lang.invoke.DirectMethodHandle$Holder.invokeStatic(java.lang.Object, java.lang.Object, java.lang.Object, java.lang.Object, java.lang.Object, int)'> (0x00000000904cc538)

Events (10 events):
Event: 1,754 Executing VM operation: G1CollectForAllocation done
Event: 2,004 loading class java/lang/invoke/BoundMethodHandle$Species_LLI
Event: 2,015 loading class java/lang/invoke/BoundMethodHandle$Species_LLI done
Event: 2,036 loading class java/lang/invoke/BoundMethodHandle$Species_LLII
Event: 2,036 loading class java/lang/invoke/BoundMethodHandle$Species_LLII done
Event: 2,236 Executing VM operation: G1CollectForAllocation
Event: 5,556 Executing VM operation: G1CollectForAllocation done
Event: 6,161 Executing VM operation: G1CollectForAllocation
Event: 8,606 Executing VM operation: G1CollectForAllocation done
Event: 14,279 Executing VM operation: G1CollectForAllocation


Dynamic libraries:
85400000-94400000 rw-p 00000000 00:00 0 
b2800000-ffe00000 ---p 00000000 00:00 0 
ffe00000-ffe34000 rw-p 01116000 fd:00 8789022                            /usr/lib/jvm/java-11-openjdk-amd64/lib/server/classes.jsa
ffe34000-fff00000 rw-p 00000000 00:00 0 
fff00000-fff6a000 rw-p 010ac000 fd:00 8789022                            /usr/lib/jvm/java-11-openjdk-amd64/lib/server/classes.jsa
fff6a000-100000000 rw-p 00000000 00:00 0 
800000000-800002000 rwxp 00001000 fd:00 8789022                          /usr/lib/jvm/java-11-openjdk-amd64/lib/server/classes.jsa
800002000-8003bd000 rw-p 00003000 fd:00 8789022                          /usr/lib/jvm/java-11-openjdk-amd64/lib/server/classes.jsa
8003bd000-800a98000 r--p 003be000 fd:00 8789022                          /usr/lib/jvm/java-11-openjdk-amd64/lib/server/classes.jsa
800a98000-800a99000 rw-p 00a99000 fd:00 8789022                          /usr/lib/jvm/java-11-openjdk-amd64/lib/server/classes.jsa
800a99000-8010ab000 r--p 00a9a000 fd:00 8789022                          /usr/lib/jvm/java-11-openjdk-amd64/lib/server/classes.jsa
840000000-840100000 rw-p 00000000 00:00 0 
840100000-880000000 ---p 00000000 00:00 0 
55e8711e0000-55e8711e1000 r-xp 00000000 fd:00 8783080                    /usr/lib/jvm/java-11-openjdk-amd64/bin/java
55e8713e1000-55e8713e2000 r--p 00001000 fd:00 8783080                    /usr/lib/jvm/java-11-openjdk-amd64/bin/java
55e8713e2000-55e8713e3000 rw-p 00002000 fd:00 8783080                    /usr/lib/jvm/java-11-openjdk-amd64/bin/java
55e872eef000-55e872f31000 rw-p 00000000 00:00 0                          [heap]
7fb34c000000-7fb34c021000 rw-p 00000000 00:00 0 
7fb34c021000-7fb350000000 ---p 00000000 00:00 0 
7fb350000000-7fb350021000 rw-p 00000000 00:00 0 
7fb350021000-7fb354000000 ---p 00000000 00:00 0 
7fb354000000-7fb354021000 rw-p 00000000 00:00 0 
7fb354021000-7fb358000000 ---p 00000000 00:00 0 
7fb358000000-7fb358021000 rw-p 00000000 00:00 0 
7fb358021000-7fb35c000000 ---p 00000000 00:00 0 
7fb35c000000-7fb35c021000 rw-p 00000000 00:00 0 
7fb35c021000-7fb360000000 ---p 00000000 00:00 0 
7fb360000000-7fb360021000 rw-p 00000000 00:00 0 
7fb360021000-7fb364000000 ---p 00000000 00:00 0 
7fb364000000-7fb364021000 rw-p 00000000 00:00 0 
7fb364021000-7fb368000000 ---p 00000000 00:00 0 
7fb368000000-7fb368021000 rw-p 00000000 00:00 0 
7fb368021000-7fb36c000000 ---p 00000000 00:00 0 
7fb36c000000-7fb36c021000 rw-p 00000000 00:00 0 
7fb36c021000-7fb370000000 ---p 00000000 00:00 0 
7fb370000000-7fb370021000 rw-p 00000000 00:00 0 
7fb370021000-7fb374000000 ---p 00000000 00:00 0 
7fb374000000-7fb374021000 rw-p 00000000 00:00 0 
7fb374021000-7fb378000000 ---p 00000000 00:00 0 
7fb378000000-7fb378021000 rw-p 00000000 00:00 0 
7fb378021000-7fb37c000000 ---p 00000000 00:00 0 
7fb37c000000-7fb37c021000 rw-p 00000000 00:00 0 
7fb37c021000-7fb380000000 ---p 00000000 00:00 0 
7fb380000000-7fb380021000 rw-p 00000000 00:00 0 
7fb380021000-7fb384000000 ---p 00000000 00:00 0 
7fb384000000-7fb384021000 rw-p 00000000 00:00 0 
7fb384021000-7fb388000000 ---p 00000000 00:00 0 
7fb388000000-7fb388021000 rw-p 00000000 00:00 0 
7fb388021000-7fb38c000000 ---p 00000000 00:00 0 
7fb38c000000-7fb38c021000 rw-p 00000000 00:00 0 
7fb38c021000-7fb390000000 ---p 00000000 00:00 0 
7fb390000000-7fb390021000 rw-p 00000000 00:00 0 
7fb390021000-7fb394000000 ---p 00000000 00:00 0 
7fb394000000-7fb3943f2000 rw-p 00000000 00:00 0 
7fb3943f2000-7fb398000000 ---p 00000000 00:00 0 
7fb398000000-7fb398021000 rw-p 00000000 00:00 0 
7fb398021000-7fb39c000000 ---p 00000000 00:00 0 
7fb39c000000-7fb39c021000 rw-p 00000000 00:00 0 
7fb39c021000-7fb3a0000000 ---p 00000000 00:00 0 
7fb3a0000000-7fb3a0e95000 rw-p 00000000 00:00 0 
7fb3a0e95000-7fb3a4000000 ---p 00000000 00:00 0 
7fb3a4000000-7fb3a4021000 rw-p 00000000 00:00 0 
7fb3a4021000-7fb3a8000000 ---p 00000000 00:00 0 
7fb3a8000000-7fb3a8021000 rw-p 00000000 00:00 0 
7fb3a8021000-7fb3ac000000 ---p 00000000 00:00 0 
7fb3ac000000-7fb3ac021000 rw-p 00000000 00:00 0 
7fb3ac021000-7fb3b0000000 ---p 00000000 00:00 0 
7fb3b0000000-7fb3b0071000 rw-p 00000000 00:00 0 
7fb3b0071000-7fb3b4000000 ---p 00000000 00:00 0 
7fb3b4000000-7fb3b4021000 rw-p 00000000 00:00 0 
7fb3b4021000-7fb3b8000000 ---p 00000000 00:00 0 
7fb3b8000000-7fb3b8021000 rw-p 00000000 00:00 0 
7fb3b8021000-7fb3bc000000 ---p 00000000 00:00 0 
7fb3bcb25000-7fb3bcb29000 ---p 00000000 00:00 0 
7fb3bcb29000-7fb3bcc26000 rw-p 00000000 00:00 0 
7fb3bcc26000-7fb3bcc2a000 ---p 00000000 00:00 0 
7fb3bcc2a000-7fb3bcd27000 rw-p 00000000 00:00 0 
7fb3bcd27000-7fb3bcd28000 ---p 00000000 00:00 0 
7fb3bcd28000-7fb3bce29000 rw-p 00000000 00:00 0 
7fb3bce29000-7fb3bce2d000 ---p 00000000 00:00 0 
7fb3bce2d000-7fb3bcf2a000 rw-p 00000000 00:00 0 
7fb3bcf2a000-7fb3bcf2e000 ---p 00000000 00:00 0 
7fb3bcf2e000-7fb3bd02b000 rw-p 00000000 00:00 0 
7fb3bd02b000-7fb3bd02f000 ---p 00000000 00:00 0 
7fb3bd02f000-7fb3bd12c000 rw-p 00000000 00:00 0 
7fb3bd12c000-7fb3bd130000 ---p 00000000 00:00 0 
7fb3bd130000-7fb3bd22d000 rw-p 00000000 00:00 0 
7fb3bd22d000-7fb3bd231000 ---p 00000000 00:00 0 
7fb3bd231000-7fb3bd32e000 rw-p 00000000 00:00 0 
7fb3bd32e000-7fb3bd332000 ---p 00000000 00:00 0 
7fb3bd332000-7fb3bd42f000 rw-p 00000000 00:00 0 
7fb3bd42f000-7fb3bd433000 ---p 00000000 00:00 0 
7fb3bd433000-7fb3bd530000 rw-p 00000000 00:00 0 
7fb3bd530000-7fb3bd534000 ---p 00000000 00:00 0 
7fb3bd534000-7fb3bd631000 rw-p 00000000 00:00 0 
7fb3bd631000-7fb3be000000 r--p 00000000 fd:00 8788643                    /usr/lib/locale/locale-archive
7fb3be000000-7fb3c0000000 rw-p 00000000 00:00 0 
7fb3c0000000-7fb3c0021000 rw-p 00000000 00:00 0 
7fb3c0021000-7fb3c4000000 ---p 00000000 00:00 0 
7fb3c409c000-7fb3c409d000 ---p 00000000 00:00 0 
7fb3c409d000-7fb3c419e000 rw-p 00000000 00:00 0 
7fb3c419e000-7fb3c419f000 ---p 00000000 00:00 0 
7fb3c419f000-7fb3c4660000 rw-p 00000000 00:00 0 
7fb3c4660000-7fb3c6148000 ---p 00000000 00:00 0 
7fb3c6148000-7fb3c6510000 rw-p 00000000 00:00 0 
7fb3c6510000-7fb3c7ff8000 ---p 00000000 00:00 0 
7fb3c7ff8000-7fb3c8000000 rw-p 00000000 00:00 0 
7fb3c8000000-7fb3c8021000 rw-p 00000000 00:00 0 
7fb3c8021000-7fb3cc000000 ---p 00000000 00:00 0 
7fb3cc025000-7fb3cc026000 ---p 00000000 00:00 0 
7fb3cc026000-7fb3cc127000 rw-p 00000000 00:00 0 
7fb3cc127000-7fb3cc128000 ---p 00000000 00:00 0 
7fb3cc128000-7fb3cc229000 rw-p 00000000 00:00 0 
7fb3cc229000-7fb3cc22a000 ---p 00000000 00:00 0 
7fb3cc22a000-7fb3cc32b000 rw-p 00000000 00:00 0 
7fb3cc32b000-7fb3cc341000 r-xp 00000000 fd:00 8787192                    /usr/lib/jvm/java-11-openjdk-amd64/lib/libnet.so
7fb3cc341000-7fb3cc540000 ---p 00016000 fd:00 8787192                    /usr/lib/jvm/java-11-openjdk-amd64/lib/libnet.so
7fb3cc540000-7fb3cc541000 r--p 00015000 fd:00 8787192                    /usr/lib/jvm/java-11-openjdk-amd64/lib/libnet.so
7fb3cc541000-7fb3cc542000 rw-p 00016000 fd:00 8787192                    /usr/lib/jvm/java-11-openjdk-amd64/lib/libnet.so
7fb3cc542000-7fb3cc552000 r-xp 00000000 fd:00 8787193                    /usr/lib/jvm/java-11-openjdk-amd64/lib/libnio.so
7fb3cc552000-7fb3cc751000 ---p 00010000 fd:00 8787193                    /usr/lib/jvm/java-11-openjdk-amd64/lib/libnio.so
7fb3cc751000-7fb3cc752000 r--p 0000f000 fd:00 8787193                    /usr/lib/jvm/java-11-openjdk-amd64/lib/libnio.so
7fb3cc752000-7fb3cc753000 rw-p 00010000 fd:00 8787193                    /usr/lib/jvm/java-11-openjdk-amd64/lib/libnio.so
7fb3cc753000-7fb3cc757000 ---p 00000000 00:00 0 
7fb3cc757000-7fb3cc854000 rw-p 00000000 00:00 0 
7fb3cc854000-7fb3cc855000 ---p 00000000 00:00 0 
7fb3cc855000-7fb3cc956000 rw-p 00000000 00:00 0 
7fb3cc956000-7fb3ccbc6000 rwxp 00000000 00:00 0 
7fb3ccbc6000-7fb3ccee6000 ---p 00000000 00:00 0 
7fb3ccee6000-7fb3cd286000 rwxp 00000000 00:00 0 
7fb3cd286000-7fb3d441e000 ---p 00000000 00:00 0 
7fb3d441e000-7fb3d468e000 rwxp 00000000 00:00 0 
7fb3d468e000-7fb3db956000 ---p 00000000 00:00 0 
7fb3db956000-7fb3e4000000 r--s 00000000 fd:00 8787202                    /usr/lib/jvm/java-11-openjdk-amd64/lib/modules
7fb3e4000000-7fb3e4448000 rw-p 00000000 00:00 0 
7fb3e4448000-7fb3e8000000 ---p 00000000 00:00 0 
7fb3e8041000-7fb3e8072000 rw-p 00000000 00:00 0 
7fb3e8072000-7fb3e8076000 ---p 00000000 00:00 0 
7fb3e8076000-7fb3e8173000 rw-p 00000000 00:00 0 
7fb3e8173000-7fb3e8177000 ---p 00000000 00:00 0 
7fb3e8177000-7fb3e8274000 rw-p 00000000 00:00 0 
7fb3e8274000-7fb3e8278000 ---p 00000000 00:00 0 
7fb3e8278000-7fb3e8375000 rw-p 00000000 00:00 0 
7fb3e8375000-7fb3e8379000 ---p 00000000 00:00 0 
7fb3e8379000-7fb3e8476000 rw-p 00000000 00:00 0 
7fb3e8476000-7fb3e847a000 ---p 00000000 00:00 0 
7fb3e847a000-7fb3e8577000 rw-p 00000000 00:00 0 
7fb3e8577000-7fb3e857b000 ---p 00000000 00:00 0 
7fb3e857b000-7fb3e8678000 rw-p 00000000 00:00 0 
7fb3e8678000-7fb3e867c000 ---p 00000000 00:00 0 
7fb3e867c000-7fb3e8779000 rw-p 00000000 00:00 0 
7fb3e8779000-7fb3e877a000 ---p 00000000 00:00 0 
7fb3e877a000-7fb3e9017000 rw-p 00000000 00:00 0 
7fb3e9017000-7fb3e9157000 ---p 00000000 00:00 0 
7fb3e9157000-7fb3e9158000 ---p 00000000 00:00 0 
7fb3e9158000-7fb3e9259000 rw-p 00000000 00:00 0 
7fb3e9259000-7fb3e925a000 ---p 00000000 00:00 0 
7fb3e925a000-7fb3e975f000 rw-p 00000000 00:00 0 
7fb3e975f000-7fb3e9760000 ---p 00000000 00:00 0 
7fb3e9760000-7fb3e9861000 rw-p 00000000 00:00 0 
7fb3e9861000-7fb3e9862000 ---p 00000000 00:00 0 
7fb3e9862000-7fb3e99db000 rw-p 00000000 00:00 0 
7fb3e99db000-7fb3e9d38000 ---p 00000000 00:00 0 
7fb3e9d38000-7fb3e9db1000 rw-p 00000000 00:00 0 
7fb3e9db1000-7fb3ea10e000 ---p 00000000 00:00 0 
7fb3ea10e000-7fb3ea187000 rw-p 00000000 00:00 0 
7fb3ea187000-7fb3ea4e4000 ---p 00000000 00:00 0 
7fb3ea4e4000-7fb3ea8e9000 rw-p 00000000 00:00 0 
7fb3ea8e9000-7fb3ea8ea000 ---p 00000000 00:00 0 
7fb3ea8ea000-7fb3ea9f0000 rw-p 00000000 00:00 0 
7fb3ea9f0000-7fb3eaad6000 ---p 00000000 00:00 0 
7fb3eaad6000-7fb3eaade000 rw-p 00000000 00:00 0 
7fb3eaade000-7fb3eabc1000 ---p 00000000 00:00 0 
7fb3eabc1000-7fb3eabc6000 r-xp 00000000 fd:00 8787184                    /usr/lib/jvm/java-11-openjdk-amd64/lib/libjimage.so
7fb3eabc6000-7fb3eadc5000 ---p 00005000 fd:00 8787184                    /usr/lib/jvm/java-11-openjdk-amd64/lib/libjimage.so
7fb3eadc5000-7fb3eadc6000 r--p 00004000 fd:00 8787184                    /usr/lib/jvm/java-11-openjdk-amd64/lib/libjimage.so
7fb3eadc6000-7fb3eadc7000 rw-p 00005000 fd:00 8787184                    /usr/lib/jvm/java-11-openjdk-amd64/lib/libjimage.so
7fb3eadc7000-7fb3eadce000 r-xp 00000000 fd:00 8787201                    /usr/lib/jvm/java-11-openjdk-amd64/lib/libzip.so
7fb3eadce000-7fb3eafcd000 ---p 00007000 fd:00 8787201                    /usr/lib/jvm/java-11-openjdk-amd64/lib/libzip.so
7fb3eafcd000-7fb3eafce000 r--p 00006000 fd:00 8787201                    /usr/lib/jvm/java-11-openjdk-amd64/lib/libzip.so
7fb3eafce000-7fb3eafcf000 rw-p 00007000 fd:00 8787201                    /usr/lib/jvm/java-11-openjdk-amd64/lib/libzip.so
7fb3eafcf000-7fb3eafda000 r-xp 00000000 fd:00 11932414                   /lib/x86_64-linux-gnu/libnss_files-2.27.so
7fb3eafda000-7fb3eb1d9000 ---p 0000b000 fd:00 11932414                   /lib/x86_64-linux-gnu/libnss_files-2.27.so
7fb3eb1d9000-7fb3eb1da000 r--p 0000a000 fd:00 11932414                   /lib/x86_64-linux-gnu/libnss_files-2.27.so
7fb3eb1da000-7fb3eb1db000 rw-p 0000b000 fd:00 11932414                   /lib/x86_64-linux-gnu/libnss_files-2.27.so
7fb3eb1db000-7fb3eb1e1000 rw-p 00000000 00:00 0 
7fb3eb1e1000-7fb3eb1f8000 r-xp 00000000 fd:00 11932408                   /lib/x86_64-linux-gnu/libnsl-2.27.so
7fb3eb1f8000-7fb3eb3f7000 ---p 00017000 fd:00 11932408                   /lib/x86_64-linux-gnu/libnsl-2.27.so
7fb3eb3f7000-7fb3eb3f8000 r--p 00016000 fd:00 11932408                   /lib/x86_64-linux-gnu/libnsl-2.27.so
7fb3eb3f8000-7fb3eb3f9000 rw-p 00017000 fd:00 11932408                   /lib/x86_64-linux-gnu/libnsl-2.27.so
7fb3eb3f9000-7fb3eb3fb000 rw-p 00000000 00:00 0 
7fb3eb3fb000-7fb3eb406000 r-xp 00000000 fd:00 11932425                   /lib/x86_64-linux-gnu/libnss_nis-2.27.so
7fb3eb406000-7fb3eb605000 ---p 0000b000 fd:00 11932425                   /lib/x86_64-linux-gnu/libnss_nis-2.27.so
7fb3eb605000-7fb3eb606000 r--p 0000a000 fd:00 11932425                   /lib/x86_64-linux-gnu/libnss_nis-2.27.so
7fb3eb606000-7fb3eb607000 rw-p 0000b000 fd:00 11932425                   /lib/x86_64-linux-gnu/libnss_nis-2.27.so
7fb3eb607000-7fb3eb60f000 r-xp 00000000 fd:00 11932410                   /lib/x86_64-linux-gnu/libnss_compat-2.27.so
7fb3eb60f000-7fb3eb80f000 ---p 00008000 fd:00 11932410                   /lib/x86_64-linux-gnu/libnss_compat-2.27.so
7fb3eb80f000-7fb3eb810000 r--p 00008000 fd:00 11932410                   /lib/x86_64-linux-gnu/libnss_compat-2.27.so
7fb3eb810000-7fb3eb811000 rw-p 00009000 fd:00 11932410                   /lib/x86_64-linux-gnu/libnss_compat-2.27.so
7fb3eb811000-7fb3eb83a000 r-xp 00000000 fd:00 8787180                    /usr/lib/jvm/java-11-openjdk-amd64/lib/libjava.so
7fb3eb83a000-7fb3eba39000 ---p 00029000 fd:00 8787180                    /usr/lib/jvm/java-11-openjdk-amd64/lib/libjava.so
7fb3eba39000-7fb3eba3a000 r--p 00028000 fd:00 8787180                    /usr/lib/jvm/java-11-openjdk-amd64/lib/libjava.so
7fb3eba3a000-7fb3eba3c000 rw-p 00029000 fd:00 8787180                    /usr/lib/jvm/java-11-openjdk-amd64/lib/libjava.so
7fb3eba3c000-7fb3eba49000 r-xp 00000000 fd:00 8787200                    /usr/lib/jvm/java-11-openjdk-amd64/lib/libverify.so
7fb3eba49000-7fb3ebc48000 ---p 0000d000 fd:00 8787200                    /usr/lib/jvm/java-11-openjdk-amd64/lib/libverify.so
7fb3ebc48000-7fb3ebc4a000 r--p 0000c000 fd:00 8787200                    /usr/lib/jvm/java-11-openjdk-amd64/lib/libverify.so
7fb3ebc4a000-7fb3ebc4b000 rw-p 0000e000 fd:00 8787200                    /usr/lib/jvm/java-11-openjdk-amd64/lib/libverify.so
7fb3ebc4b000-7fb3ebc52000 r-xp 00000000 fd:00 11932465                   /lib/x86_64-linux-gnu/librt-2.27.so
7fb3ebc52000-7fb3ebe51000 ---p 00007000 fd:00 11932465                   /lib/x86_64-linux-gnu/librt-2.27.so
7fb3ebe51000-7fb3ebe52000 r--p 00006000 fd:00 11932465                   /lib/x86_64-linux-gnu/librt-2.27.so
7fb3ebe52000-7fb3ebe53000 rw-p 00007000 fd:00 11932465                   /lib/x86_64-linux-gnu/librt-2.27.so
7fb3ebe53000-7fb3ebe6a000 r-xp 00000000 fd:00 11932239                   /lib/x86_64-linux-gnu/libgcc_s.so.1
7fb3ebe6a000-7fb3ec069000 ---p 00017000 fd:00 11932239                   /lib/x86_64-linux-gnu/libgcc_s.so.1
7fb3ec069000-7fb3ec06a000 r--p 00016000 fd:00 11932239                   /lib/x86_64-linux-gnu/libgcc_s.so.1
7fb3ec06a000-7fb3ec06b000 rw-p 00017000 fd:00 11932239                   /lib/x86_64-linux-gnu/libgcc_s.so.1
7fb3ec06b000-7fb3ec208000 r-xp 00000000 fd:00 11932387                   /lib/x86_64-linux-gnu/libm-2.27.so
7fb3ec208000-7fb3ec407000 ---p 0019d000 fd:00 11932387                   /lib/x86_64-linux-gnu/libm-2.27.so
7fb3ec407000-7fb3ec408000 r--p 0019c000 fd:00 11932387                   /lib/x86_64-linux-gnu/libm-2.27.so
7fb3ec408000-7fb3ec409000 rw-p 0019d000 fd:00 11932387                   /lib/x86_64-linux-gnu/libm-2.27.so
7fb3ec409000-7fb3ec582000 r-xp 00000000 fd:00 8783916                    /usr/lib/x86_64-linux-gnu/libstdc++.so.6.0.25
7fb3ec582000-7fb3ec782000 ---p 00179000 fd:00 8783916                    /usr/lib/x86_64-linux-gnu/libstdc++.so.6.0.25
7fb3ec782000-7fb3ec78c000 r--p 00179000 fd:00 8783916                    /usr/lib/x86_64-linux-gnu/libstdc++.so.6.0.25
7fb3ec78c000-7fb3ec78e000 rw-p 00183000 fd:00 8783916                    /usr/lib/x86_64-linux-gnu/libstdc++.so.6.0.25
7fb3ec78e000-7fb3ec792000 rw-p 00000000 00:00 0 
7fb3ec792000-7fb3ed85e000 r-xp 00000000 fd:00 8787207                    /usr/lib/jvm/java-11-openjdk-amd64/lib/server/libjvm.so
7fb3ed85e000-7fb3eda5d000 ---p 010cc000 fd:00 8787207                    /usr/lib/jvm/java-11-openjdk-amd64/lib/server/libjvm.so
7fb3eda5d000-7fb3edb1a000 r--p 010cb000 fd:00 8787207                    /usr/lib/jvm/java-11-openjdk-amd64/lib/server/libjvm.so
7fb3edb1a000-7fb3edb53000 rw-p 01188000 fd:00 8787207                    /usr/lib/jvm/java-11-openjdk-amd64/lib/server/libjvm.so
7fb3edb53000-7fb3edba9000 rw-p 00000000 00:00 0 
7fb3edba9000-7fb3edbc3000 r-xp 00000000 fd:00 11932457                   /lib/x86_64-linux-gnu/libpthread-2.27.so
7fb3edbc3000-7fb3eddc2000 ---p 0001a000 fd:00 11932457                   /lib/x86_64-linux-gnu/libpthread-2.27.so
7fb3eddc2000-7fb3eddc3000 r--p 00019000 fd:00 11932457                   /lib/x86_64-linux-gnu/libpthread-2.27.so
7fb3eddc3000-7fb3eddc4000 rw-p 0001a000 fd:00 11932457                   /lib/x86_64-linux-gnu/libpthread-2.27.so
7fb3eddc4000-7fb3eddc8000 rw-p 00000000 00:00 0 
7fb3eddc8000-7fb3eddcb000 r-xp 00000000 fd:00 11932347                   /lib/x86_64-linux-gnu/libdl-2.27.so
7fb3eddcb000-7fb3edfca000 ---p 00003000 fd:00 11932347                   /lib/x86_64-linux-gnu/libdl-2.27.so
7fb3edfca000-7fb3edfcb000 r--p 00002000 fd:00 11932347                   /lib/x86_64-linux-gnu/libdl-2.27.so
7fb3edfcb000-7fb3edfcc000 rw-p 00003000 fd:00 11932347                   /lib/x86_64-linux-gnu/libdl-2.27.so
7fb3edfcc000-7fb3edfe8000 r-xp 00000000 fd:00 11932496                   /lib/x86_64-linux-gnu/libz.so.1.2.11
7fb3edfe8000-7fb3ee1e7000 ---p 0001c000 fd:00 11932496                   /lib/x86_64-linux-gnu/libz.so.1.2.11
7fb3ee1e7000-7fb3ee1e8000 r--p 0001b000 fd:00 11932496                   /lib/x86_64-linux-gnu/libz.so.1.2.11
7fb3ee1e8000-7fb3ee1e9000 rw-p 0001c000 fd:00 11932496                   /lib/x86_64-linux-gnu/libz.so.1.2.11
7fb3ee1e9000-7fb3ee3d0000 r-xp 00000000 fd:00 11932324                   /lib/x86_64-linux-gnu/libc-2.27.so
7fb3ee3d0000-7fb3ee5d0000 ---p 001e7000 fd:00 11932324                   /lib/x86_64-linux-gnu/libc-2.27.so
7fb3ee5d0000-7fb3ee5d4000 r--p 001e7000 fd:00 11932324                   /lib/x86_64-linux-gnu/libc-2.27.so
7fb3ee5d4000-7fb3ee5d6000 rw-p 001eb000 fd:00 11932324                   /lib/x86_64-linux-gnu/libc-2.27.so
7fb3ee5d6000-7fb3ee5da000 rw-p 00000000 00:00 0 
7fb3ee5da000-7fb3ee5ea000 r-xp 00000000 fd:00 8787164                    /usr/lib/jvm/java-11-openjdk-amd64/lib/jli/libjli.so
7fb3ee5ea000-7fb3ee7e9000 ---p 00010000 fd:00 8787164                    /usr/lib/jvm/java-11-openjdk-amd64/lib/jli/libjli.so
7fb3ee7e9000-7fb3ee7ea000 r--p 0000f000 fd:00 8787164                    /usr/lib/jvm/java-11-openjdk-amd64/lib/jli/libjli.so
7fb3ee7ea000-7fb3ee7eb000 rw-p 00010000 fd:00 8787164                    /usr/lib/jvm/java-11-openjdk-amd64/lib/jli/libjli.so
7fb3ee7eb000-7fb3ee812000 r-xp 00000000 fd:00 11932296                   /lib/x86_64-linux-gnu/ld-2.27.so
7fb3ee819000-7fb3ee83f000 r--p 00000000 fd:00 10487287                   /usr/share/locale-langpack/fr/LC_MESSAGES/libc.mo
7fb3ee83f000-7fb3ee8f0000 rw-p 00000000 00:00 0 
7fb3ee8f0000-7fb3ee8f7000 ---p 00000000 00:00 0 
7fb3ee8f7000-7fb3ee8fb000 ---p 00000000 00:00 0 
7fb3ee8fb000-7fb3ee9fa000 rw-p 00000000 00:00 0 
7fb3ee9fd000-7fb3eea04000 r--s 00000000 fd:00 9046820                    /usr/lib/x86_64-linux-gnu/gconv/gconv-modules.cache
7fb3eea04000-7fb3eea06000 r--s 00007000 fd:00 9180530                    /usr/share/java/java-atk-wrapper.jar
7fb3eea06000-7fb3eea0e000 rw-s 00000000 fd:00 3021922                    /tmp/hsperfdata_ela/32288
7fb3eea0e000-7fb3eea0f000 ---p 00000000 00:00 0 
7fb3eea0f000-7fb3eea10000 r--p 00000000 00:00 0 
7fb3eea10000-7fb3eea12000 rw-p 00000000 00:00 0 
7fb3eea12000-7fb3eea13000 r--p 00027000 fd:00 11932296                   /lib/x86_64-linux-gnu/ld-2.27.so
7fb3eea13000-7fb3eea14000 rw-p 00028000 fd:00 11932296                   /lib/x86_64-linux-gnu/ld-2.27.so
7fb3eea14000-7fb3eea15000 rw-p 00000000 00:00 0 
7ffd08d45000-7ffd08d66000 rw-p 00000000 00:00 0                          [stack]
7ffd08def000-7ffd08df2000 r--p 00000000 00:00 0                          [vvar]
7ffd08df2000-7ffd08df4000 r-xp 00000000 00:00 0                          [vdso]
ffffffffff600000-ffffffffff601000 r-xp 00000000 00:00 0                  [vsyscall]


VM Arguments:
jvm_args: -Dant.home=/usr/share/ant -Dant.library.dir=/usr/share/ant/lib 
java_command: org.apache.tools.ant.launch.Launcher -cp /home/ela/IdeaProjects/TPEA_Projet: run
java_class_path (initial): /usr/share/ant/lib/ant-launcher.jar
Launcher Type: SUN_STANDARD

[Global flags]
     intx CICompilerCount                          = 3                                         {product} {ergonomic}
     uint ConcGCThreads                            = 1                                         {product} {ergonomic}
     uint G1ConcRefinementThreads                  = 4                                         {product} {ergonomic}
   size_t G1HeapRegionSize                         = 1048576                                   {product} {ergonomic}
    uintx GCDrainStackTargetSize                   = 64                                        {product} {ergonomic}
   size_t InitialHeapSize                          = 130023424                                 {product} {ergonomic}
   size_t MarkStackSize                            = 4194304                                   {product} {ergonomic}
   size_t MaxHeapSize                              = 2059403264                                {product} {ergonomic}
   size_t MaxNewSize                               = 1235222528                                {product} {ergonomic}
   size_t MinHeapDeltaBytes                        = 1048576                                   {product} {ergonomic}
    uintx NonNMethodCodeHeapSize                   = 5830092                                {pd product} {ergonomic}
    uintx NonProfiledCodeHeapSize                  = 122914074                              {pd product} {ergonomic}
    uintx ProfiledCodeHeapSize                     = 122914074                              {pd product} {ergonomic}
    uintx ReservedCodeCacheSize                    = 251658240                              {pd product} {ergonomic}
     bool SegmentedCodeCache                       = true                                      {product} {ergonomic}
     bool UseCompressedClassPointers               = true                                 {lp64_product} {ergonomic}
     bool UseCompressedOops                        = true                                 {lp64_product} {ergonomic}
     bool UseG1GC                                  = true                                      {product} {ergonomic}

Logging:
Log output configuration:
 #0: stdout all=warning uptime,level,tags
 #1: stderr all=off uptime,level,tags

Environment Variables:
CLASSPATH=/home/ela/IdeaProjects/TPEA_Projet:
PATH=/home/ela/.opam/4.07.0/bin:/home/ela/.local/bin:/usr/local/sbin:/usr/local/bin:/usr/sbin:/usr/bin:/sbin:/bin:/usr/games:/usr/local/games:/snap/bin
USERNAME=ela
SHELL=/bin/bash
DISPLAY=:0

Signal Handlers:
SIGSEGV: [libjvm.so+0xde5f50], sa_mask[0]=11111111011111111101111111111110, sa_flags=SA_RESTART|SA_SIGINFO
SIGBUS: [libjvm.so+0xde5f50], sa_mask[0]=11111111011111111101111111111110, sa_flags=SA_RESTART|SA_SIGINFO
SIGFPE: [libjvm.so+0xde5f50], sa_mask[0]=11111111011111111101111111111110, sa_flags=SA_RESTART|SA_SIGINFO
SIGPIPE: [libjvm.so+0xbba5b0], sa_mask[0]=11111111011111111101111111111110, sa_flags=SA_RESTART|SA_SIGINFO
SIGXFSZ: [libjvm.so+0xbba5b0], sa_mask[0]=11111111011111111101111111111110, sa_flags=SA_RESTART|SA_SIGINFO
SIGILL: [libjvm.so+0xde5f50], sa_mask[0]=11111111011111111101111111111110, sa_flags=SA_RESTART|SA_SIGINFO
SIGUSR2: [libjvm.so+0xbba450], sa_mask[0]=00100000000000000000000000000000, sa_flags=SA_RESTART|SA_SIGINFO
SIGHUP: [libjvm.so+0xbba7b0], sa_mask[0]=11111111011111111101111111111110, sa_flags=SA_RESTART|SA_SIGINFO
SIGINT: [libjvm.so+0xbba7b0], sa_mask[0]=11111111011111111101111111111110, sa_flags=SA_RESTART|SA_SIGINFO
SIGTERM: [libjvm.so+0xbba7b0], sa_mask[0]=11111111011111111101111111111110, sa_flags=SA_RESTART|SA_SIGINFO
SIGQUIT: [libjvm.so+0xbba7b0], sa_mask[0]=11111111011111111101111111111110, sa_flags=SA_RESTART|SA_SIGINFO


---------------  S Y S T E M  ---------------

OS:DISTRIB_ID=Ubuntu
DISTRIB_RELEASE=18.04
DISTRIB_CODENAME=bionic
DISTRIB_DESCRIPTION="Ubuntu 18.04.3 LTS"
uname:Linux 4.15.0-65-generic #74-Ubuntu SMP Tue Sep 17 17:06:04 UTC 2019 x86_64
libc:glibc 2.27 NPTL 2.27 
rlimit: STACK 8192k, CORE 0k, NPROC 30896, NOFILE 1048576, AS infinity, DATA infinity, FSIZE infinity
load average:8,33 2,89 1,94

/proc/meminfo:
MemTotal:        8036884 kB
MemFree:          104284 kB
MemAvailable:       7988 kB
Buffers:             352 kB
Cached:           568432 kB
SwapCached:         8084 kB
Active:          6671860 kB
Inactive:         920276 kB
Active(anon):    6666688 kB
Inactive(anon):   908848 kB
Active(file):       5172 kB
Inactive(file):    11428 kB
Unevictable:          48 kB
Mlocked:              48 kB
SwapTotal:        999420 kB
SwapFree:              0 kB
Dirty:                28 kB
Writeback:             0 kB
AnonPages:       7015716 kB
Mapped:           334400 kB
Shmem:            551888 kB
Slab:             141276 kB
SReclaimable:      60960 kB
SUnreclaim:        80316 kB
KernelStack:       21648 kB
PageTables:        90992 kB
NFS_Unstable:          0 kB
Bounce:                0 kB
WritebackTmp:          0 kB
CommitLimit:     5017860 kB
Committed_AS:   16709784 kB
VmallocTotal:   34359738367 kB
VmallocUsed:           0 kB
VmallocChunk:          0 kB
HardwareCorrupted:     0 kB
AnonHugePages:         0 kB
ShmemHugePages:        0 kB
ShmemPmdMapped:        0 kB
CmaTotal:              0 kB
CmaFree:               0 kB
HugePages_Total:       0
HugePages_Free:        0
HugePages_Rsvd:        0
HugePages_Surp:        0
Hugepagesize:       2048 kB
DirectMap4k:      432136 kB
DirectMap2M:     7825408 kB
DirectMap1G:           0 kB


/proc/sys/kernel/threads-max (system-wide limit on the number of threads):
61792


/proc/sys/vm/max_map_count (maximum number of memory map areas a process may have):
65530


/proc/sys/kernel/pid_max (system-wide limit on number of process identifiers):
32768



container (cgroup) information:
container_type: cgroupv1
cpu_cpuset_cpus: 0-3
cpu_memory_nodes: 0
active_processor_count: 4
cpu_quota: -1
cpu_period: 100000
cpu_shares: -1
memory_limit_in_bytes: -1
memory_and_swap_limit_in_bytes: -2
memory_soft_limit_in_bytes: -1
memory_usage_in_bytes: 7775580160
memory_max_usage_in_bytes: 63078400

Steal ticks since vm start: 0
Steal ticks percentage since vm start:  0,000

CPU:total 4 (initial active 4) (2 cores per cpu, 2 threads per core) family 6 model 78 stepping 3, cmov, cx8, fxsr, mmx, sse, sse2, sse3, ssse3, sse4.1, sse4.2, popcnt, avx, avx2, aes, clmul, erms, 3dnowpref, lzcnt, ht, tsc, tscinvbit, bmi1, bmi2, adx, fma
CPU Model and flags from /proc/cpuinfo:
model name	: Intel(R) Core(TM) i7-6500U CPU @ 2.50GHz
flags		: fpu vme de pse tsc msr pae mce cx8 apic sep mtrr pge mca cmov pat pse36 clflush dts acpi mmx fxsr sse sse2 ss ht tm pbe syscall nx pdpe1gb rdtscp lm constant_tsc art arch_perfmon pebs bts rep_good nopl xtopology nonstop_tsc cpuid aperfmperf tsc_known_freq pni pclmulqdq dtes64 monitor ds_cpl vmx est tm2 ssse3 sdbg fma cx16 xtpr pdcm pcid sse4_1 sse4_2 x2apic movbe popcnt tsc_deadline_timer aes xsave avx f16c rdrand lahf_lm abm 3dnowprefetch cpuid_fault epb invpcid_single pti ssbd ibrs ibpb stibp tpr_shadow vnmi flexpriority ept vpid fsgsbase tsc_adjust bmi1 avx2 smep bmi2 erms invpcid mpx rdseed adx smap clflushopt intel_pt xsaveopt xsavec xgetbv1 xsaves dtherm ida arat pln pts hwp hwp_notify hwp_act_window hwp_epp md_clear flush_l1d

Memory: 4k page, physical 8036884k(107888k free), swap 999420k(0k free)

vm_info: OpenJDK 64-Bit Server VM (11.0.4+11-post-Ubuntu-1ubuntu218.04.3) for linux-amd64 JRE (11.0.4+11-post-Ubuntu-1ubuntu218.04.3), built on Jul 18 2019 18:21:46 by "buildd" with gcc 7.4.0

END.
